Log file open, 06/21/20 16:04:08
LogWindows: Failed to load 'aqProf.dll' (GetLastError=126)
LogWindows: File 'aqProf.dll' does not exist
LogWindows: Failed to load 'VtuneApi.dll' (GetLastError=126)
LogWindows: File 'VtuneApi.dll' does not exist
LogWindows: Failed to load 'VtuneApi32e.dll' (GetLastError=126)
LogWindows: File 'VtuneApi32e.dll' does not exist
LogConsoleResponse: Display: Failed to find resolution value strings in scalability ini. Falling back to default.
LogInit: Display: Running engine for game: BattleTank
LogPlatformFile: Not using cached read wrapper
LogTaskGraph: Started task graph with 5 named threads and 20 total threads with 3 sets of task threads.
LogStats: Stats thread started at 4.635130
LogD3D11RHI: Loaded GFSDK_Aftermath_Lib.x64.dll
LogICUInternationalization: ICU TimeZone Detection - Raw Offset: +0:00, Platform Override: ''
LogPluginManager: Mounting plugin Paper2D
LogPluginManager: Mounting plugin AISupport
LogPluginManager: Mounting plugin LightPropagationVolume
LogPluginManager: Mounting plugin ActorLayerUtilities
LogPluginManager: Mounting plugin AnimationSharing
LogPluginManager: Mounting plugin CLionSourceCodeAccess
LogPluginManager: Mounting plugin CodeLiteSourceCodeAccess
LogPluginManager: Mounting plugin GitSourceControl
LogPluginManager: Mounting plugin KDevelopSourceCodeAccess
LogPluginManager: Mounting plugin NullSourceCodeAccess
LogPluginManager: Mounting plugin PerforceSourceControl
LogPluginManager: Mounting plugin SubversionSourceControl
LogPluginManager: Mounting plugin UObjectPlugin
LogPluginManager: Mounting plugin VisualStudioCodeSourceCodeAccess
LogPluginManager: Mounting plugin VisualStudioSourceCodeAccess
LogPluginManager: Mounting plugin XCodeSourceCodeAccess
LogPluginManager: Mounting plugin AssetManagerEditor
LogPluginManager: Mounting plugin CryptoKeys
LogPluginManager: Mounting plugin CurveEditorTools
LogPluginManager: Mounting plugin DataValidation
LogPluginManager: Mounting plugin FacialAnimation
LogPluginManager: Mounting plugin GameplayTagsEditor
LogPluginManager: Mounting plugin MacGraphicsSwitching
LogPluginManager: Mounting plugin MaterialAnalyzer
LogPluginManager: Mounting plugin MobileLauncherProfileWizard
LogPluginManager: Mounting plugin PluginBrowser
LogPluginManager: Mounting plugin SpeedTreeImporter
LogPluginManager: Mounting plugin DatasmithContent
LogPluginManager: Mounting plugin VariantManagerContent
LogPluginManager: Mounting plugin AlembicImporter
LogPluginManager: Mounting plugin AutomationUtils
LogPluginManager: Mounting plugin BackChannel
LogPluginManager: Mounting plugin CharacterAI
LogPluginManager: Mounting plugin GeometryCache
LogPluginManager: Mounting plugin HTML5Networking
LogPluginManager: Mounting plugin PlatformCrypto
LogPluginManager: Mounting plugin ProxyLODPlugin
LogPluginManager: Mounting plugin SkeletalReduction
LogPluginManager: Mounting plugin MagicLeap
LogPluginManager: Mounting plugin MagicLeapMedia
LogPluginManager: Mounting plugin AndroidMedia
LogPluginManager: Mounting plugin AvfMedia
LogPluginManager: Mounting plugin ImgMedia
LogPluginManager: Mounting plugin MediaCompositing
LogPluginManager: Mounting plugin MediaPlayerEditor
LogPluginManager: Mounting plugin WebMMedia
LogPluginManager: Mounting plugin WmfMedia
LogPluginManager: Mounting plugin TcpMessaging
LogPluginManager: Mounting plugin UdpMessaging
LogPluginManager: Mounting plugin ActorSequence
LogPluginManager: Mounting plugin LevelSequenceEditor
LogPluginManager: Mounting plugin MatineeToLevelSequence
LogPluginManager: Mounting plugin NetcodeUnitTest
LogPluginManager: Mounting plugin NUTUnrealEngine4
LogPluginManager: Mounting plugin OnlineSubsystemGooglePlay
LogPluginManager: Mounting plugin OnlineSubsystemIOS
LogPluginManager: Mounting plugin OnlineSubsystem
LogPluginManager: Mounting plugin OnlineSubsystemNull
LogPluginManager: Mounting plugin OnlineSubsystemUtils
LogPluginManager: Mounting plugin LauncherChunkInstaller
LogPluginManager: Mounting plugin AndroidDeviceProfileSelector
LogPluginManager: Mounting plugin AndroidMoviePlayer
LogPluginManager: Mounting plugin AndroidPermission
LogPluginManager: Mounting plugin AppleImageUtils
LogPluginManager: Mounting plugin AppleMoviePlayer
LogPluginManager: Mounting plugin ArchVisCharacter
LogPluginManager: Mounting plugin AudioCapture
LogPluginManager: Mounting plugin CableComponent
LogPluginManager: Mounting plugin CustomMeshComponent
LogPluginManager: Mounting plugin EditableMesh
LogPluginManager: Mounting plugin ExampleDeviceProfileSelector
LogPluginManager: Mounting plugin GoogleCloudMessaging
LogPluginManager: Mounting plugin IOSDeviceProfileSelector
LogPluginManager: Mounting plugin LinuxDeviceProfileSelector
LogPluginManager: Mounting plugin LocationServicesBPLibrary
LogPluginManager: Mounting plugin MobilePatchingUtils
LogPluginManager: Mounting plugin OculusVR
LogPluginManager: Mounting plugin PhysXVehicles
LogPluginManager: Mounting plugin ProceduralMeshComponent
LogPluginManager: Mounting plugin RuntimePhysXCooking
LogPluginManager: Mounting plugin SignificanceManager
LogPluginManager: Mounting plugin SteamVR
LogPluginManager: Mounting plugin WebMMoviePlayer
LogPluginManager: Mounting plugin WindowsMoviePlayer
LogPluginManager: Mounting plugin ScreenshotTools
LogInit: Using libcurl 7.55.1-DEV
LogInit:  - built for x86_64-pc-win32
LogInit:  - supports SSL with OpenSSL/1.1.1
LogInit:  - supports HTTP deflate (compression) using libz 1.2.8
LogInit:  - other features:
LogInit:      CURL_VERSION_SSL
LogInit:      CURL_VERSION_LIBZ
LogInit:      CURL_VERSION_IPV6
LogInit:      CURL_VERSION_ASYNCHDNS
LogInit:      CURL_VERSION_LARGEFILE
LogInit:      CURL_VERSION_IDN
LogInit:  CurlRequestOptions (configurable via config and command line):
LogInit:  - bVerifyPeer = true  - Libcurl will verify peer certificate
LogInit:  - bUseHttpProxy = false  - Libcurl will NOT use HTTP proxy
LogInit:  - bDontReuseConnections = false  - Libcurl will reuse connections
LogInit:  - MaxHostConnections = 16  - Libcurl will limit the number of connections to a host
LogInit:  - LocalHostAddr = Default
LogInit:  - BufferSize = 65536
LogOnline: OSS: Creating online subsystem instance for: NULL
LogInit: WinSock: version 1.1 (2.2), MaxSocks=32767, MaxUdp=65467
LogInit: Build: ++UE4+Release-4.23-CL-9631420
LogInit: Engine Version: 4.23.1-9631420+++UE4+Release-4.23
LogInit: Compatible Engine Version: 4.23.0-8386587+++UE4+Release-4.23
LogInit: Net CL: 8386587
LogInit: OS: Windows 10 (Release 1909) (), CPU: Intel(R) Core(TM) i5-8400 CPU @ 2.80GHz, GPU: NVIDIA GeForce GTX 1050 Ti
LogInit: Compiled (64-bit): Oct 18 2019 02:07:44
LogInit: Compiled with Visual C++: 19.16.27030.01
LogInit: Build Configuration: Development
LogInit: Branch Name: ++UE4+Release-4.23
LogInit: Command Line: 
LogInit: Base Directory: C:/Users/world/Documents/ue4/UE_4.23/Engine/Binaries/Win64/
LogInit: Installed Engine Build: 1
LogDevObjectVersion: Number of dev versions registered: 23
LogDevObjectVersion:   Dev-Blueprints (B0D832E4-1F89-4F0D-ACCF-7EB736FD4AA2): 10
LogDevObjectVersion:   Dev-Build (E1C64328-A22C-4D53-A36C-8E866417BD8C): 0
LogDevObjectVersion:   Dev-Core (375EC13C-06E4-48FB-B500-84F0262A717E): 3
LogDevObjectVersion:   Dev-Editor (E4B068ED-F494-42E9-A231-DA0B2E46BB41): 34
LogDevObjectVersion:   Dev-Framework (CFFC743F-43B0-4480-9391-14DF171D2073): 35
LogDevObjectVersion:   Dev-Mobile (B02B49B5-BB20-44E9-A304-32B752E40360): 2
LogDevObjectVersion:   Dev-Networking (A4E4105C-59A1-49B5-A7C5-40C4547EDFEE): 0
LogDevObjectVersion:   Dev-Online (39C831C9-5AE6-47DC-9A44-9C173E1C8E7C): 0
LogDevObjectVersion:   Dev-Physics (78F01B33-EBEA-4F98-B9B4-84EACCB95AA2): 0
LogDevObjectVersion:   Dev-Platform (6631380F-2D4D-43E0-8009-CF276956A95A): 0
LogDevObjectVersion:   Dev-Rendering (12F88B9F-8875-4AFC-A67C-D90C383ABD29): 31
LogDevObjectVersion:   Dev-Sequencer (7B5AE74C-D270-4C10-A958-57980B212A5A): 11
LogDevObjectVersion:   Dev-VR (D7296918-1DD6-4BDD-9DE2-64A83CC13884): 2
LogDevObjectVersion:   Dev-LoadTimes (C2A15278-BFE7-4AFE-6C17-90FF531DF755): 1
LogDevObjectVersion:   Private-Geometry (6EACA3D4-40EC-4CC1-B786-8BED09428FC5): 3
LogDevObjectVersion:   Dev-AnimPhys (29E575DD-E0A3-4627-9D10-D276232CDCEA): 17
LogDevObjectVersion:   Dev-Anim (AF43A65D-7FD3-4947-9873-3E8ED9C1BB05): 2
LogDevObjectVersion:   Dev-ReflectionCapture (6B266CEC-1EC7-4B8F-A30B-E4D90942FC07): 1
LogDevObjectVersion:   Dev-Automation (0DF73D61-A23F-47EA-B727-89E90C41499A): 1
LogDevObjectVersion:   FortniteMain (601D1886-AC64-4F84-AA16-D3DE0DEAC7D6): 27
LogDevObjectVersion:   Dev-Enterprise (9DFFBCD6-494F-0158-E221-12823C92A888): 6
LogDevObjectVersion:   Dev-Niagara (F2AED0AC-9AFE-416F-8664-AA7FFA26D6FC): 1
LogDevObjectVersion:   Dev-Destruction (174F1F0B-B4C6-45A5-B13F-2EE8D0FB917D): 9
LogInit: Presizing for max 16777216 objects, including 0 objects not considered by GC, pre-allocating 0 bytes for permanent pool.
LogInit: Object subsystem initialized
LogConfig: Setting CVar [[con.DebugEarlyDefault:1]]
LogConfig: Setting CVar [[r.setres:1280x720]]
[2020.06.21-15.04.11:445][  0]LogConfig: Setting CVar [[r.VSync:0]]
[2020.06.21-15.04.11:445][  0]LogConfig: Setting CVar [[r.RHICmdBypass:0]]
[2020.06.21-15.04.11:460][  0]LogConfig: Applying CVar settings from Section [/Script/Engine.RendererSettings] File [C:/Users/world/Documents/SourceTree/04_BattleTanks/BattleTank/Saved/Config/Windows/Engine.ini]
[2020.06.21-15.04.11:460][  0]LogConfig: Setting CVar [[r.GPUCrashDebugging:0]]
[2020.06.21-15.04.11:460][  0]LogConfig: Setting CVar [[r.DefaultFeature.AutoExposure.ExtendDefaultLuminanceRange:1]]
[2020.06.21-15.04.11:460][  0]LogConfig: Applying CVar settings from Section [/Script/Engine.RendererOverrideSettings] File [C:/Users/world/Documents/SourceTree/04_BattleTanks/BattleTank/Saved/Config/Windows/Engine.ini]
[2020.06.21-15.04.11:460][  0]LogConfig: Applying CVar settings from Section [/Script/Engine.StreamingSettings] File [C:/Users/world/Documents/SourceTree/04_BattleTanks/BattleTank/Saved/Config/Windows/Engine.ini]
[2020.06.21-15.04.11:460][  0]LogConfig: Setting CVar [[s.MinBulkDataSizeForAsyncLoading:131072]]
[2020.06.21-15.04.11:460][  0]LogConfig: Setting CVar [[s.AsyncLoadingThreadEnabled:0]]
[2020.06.21-15.04.11:460][  0]LogConfig: Setting CVar [[s.EventDrivenLoaderEnabled:1]]
[2020.06.21-15.04.11:460][  0]LogConfig: Setting CVar [[s.WarnIfTimeLimitExceeded:0]]
[2020.06.21-15.04.11:460][  0]LogConfig: Setting CVar [[s.TimeLimitExceededMultiplier:1.5]]
[2020.06.21-15.04.11:460][  0]LogConfig: Setting CVar [[s.TimeLimitExceededMinTime:0.005]]
[2020.06.21-15.04.11:460][  0]LogConfig: Setting CVar [[s.UseBackgroundLevelStreaming:1]]
[2020.06.21-15.04.11:460][  0]LogConfig: Setting CVar [[s.PriorityAsyncLoadingExtraTime:15.0]]
[2020.06.21-15.04.11:460][  0]LogConfig: Setting CVar [[s.LevelStreamingActorsUpdateTimeLimit:5.0]]
[2020.06.21-15.04.11:460][  0]LogConfig: Setting CVar [[s.PriorityLevelStreamingActorsUpdateExtraTime:5.0]]
[2020.06.21-15.04.11:460][  0]LogConfig: Setting CVar [[s.LevelStreamingComponentsRegistrationGranularity:10]]
[2020.06.21-15.04.11:460][  0]LogConfig: Setting CVar [[s.UnregisterComponentsTimeLimit:1.0]]
[2020.06.21-15.04.11:460][  0]LogConfig: Setting CVar [[s.LevelStreamingComponentsUnregistrationGranularity:5]]
[2020.06.21-15.04.11:460][  0]LogConfig: Applying CVar settings from Section [/Script/Engine.GarbageCollectionSettings] File [C:/Users/world/Documents/SourceTree/04_BattleTanks/BattleTank/Saved/Config/Windows/Engine.ini]
[2020.06.21-15.04.11:460][  0]LogConfig: Setting CVar [[gc.MaxObjectsNotConsideredByGC:1]]
[2020.06.21-15.04.11:460][  0]LogConfig: Setting CVar [[gc.SizeOfPermanentObjectPool:0]]
[2020.06.21-15.04.11:460][  0]LogConfig: Setting CVar [[gc.FlushStreamingOnGC:0]]
[2020.06.21-15.04.11:460][  0]LogConfig: Setting CVar [[gc.NumRetriesBeforeForcingGC:10]]
[2020.06.21-15.04.11:460][  0]LogConfig: Setting CVar [[gc.AllowParallelGC:1]]
[2020.06.21-15.04.11:460][  0]LogConfig: Setting CVar [[gc.TimeBetweenPurgingPendingKillObjects:61.1]]
[2020.06.21-15.04.11:460][  0]LogConfig: Setting CVar [[gc.MaxObjectsInEditor:16777216]]
[2020.06.21-15.04.11:460][  0]LogConfig: Setting CVar [[gc.IncrementalBeginDestroyEnabled:1]]
[2020.06.21-15.04.11:460][  0]LogConfig: Setting CVar [[gc.CreateGCClusters:1]]
[2020.06.21-15.04.11:460][  0]LogConfig: Setting CVar [[gc.MinGCClusterSize:5]]
[2020.06.21-15.04.11:460][  0]LogConfig: Setting CVar [[gc.ActorClusteringEnabled:0]]
[2020.06.21-15.04.11:460][  0]LogConfig: Setting CVar [[gc.BlueprintClusteringEnabled:0]]
[2020.06.21-15.04.11:460][  0]LogConfig: Setting CVar [[gc.UseDisregardForGCOnDedicatedServers:0]]
[2020.06.21-15.04.11:460][  0]LogConfig: Applying CVar settings from Section [/Script/Engine.NetworkSettings] File [C:/Users/world/Documents/SourceTree/04_BattleTanks/BattleTank/Saved/Config/Windows/Engine.ini]
[2020.06.21-15.04.11:460][  0]LogConfig: Applying CVar settings from Section [/Script/UnrealEd.CookerSettings] File [C:/Users/world/Documents/SourceTree/04_BattleTanks/BattleTank/Saved/Config/Windows/Engine.ini]
[2020.06.21-15.04.11:539][  0]LogConfig: Applying CVar settings from Section [ViewDistanceQuality@3] File [C:/Users/world/Documents/SourceTree/04_BattleTanks/BattleTank/Saved/Config/Windows/Scalability.ini]
[2020.06.21-15.04.11:539][  0]LogConfig: Setting CVar [[r.SkeletalMeshLODBias:0]]
[2020.06.21-15.04.11:539][  0]LogConfig: Setting CVar [[r.ViewDistanceScale:1.0]]
[2020.06.21-15.04.11:539][  0]LogConfig: Applying CVar settings from Section [AntiAliasingQuality@3] File [C:/Users/world/Documents/SourceTree/04_BattleTanks/BattleTank/Saved/Config/Windows/Scalability.ini]
[2020.06.21-15.04.11:539][  0]LogConfig: Setting CVar [[r.PostProcessAAQuality:4]]
[2020.06.21-15.04.11:539][  0]LogConfig: Applying CVar settings from Section [ShadowQuality@3] File [C:/Users/world/Documents/SourceTree/04_BattleTanks/BattleTank/Saved/Config/Windows/Scalability.ini]
[2020.06.21-15.04.11:539][  0]LogConfig: Setting CVar [[r.LightFunctionQuality:1]]
[2020.06.21-15.04.11:539][  0]LogConfig: Setting CVar [[r.ShadowQuality:5]]
[2020.06.21-15.04.11:539][  0]LogConfig: Setting CVar [[r.Shadow.CSM.MaxCascades:10]]
[2020.06.21-15.04.11:539][  0]LogConfig: Setting CVar [[r.Shadow.MaxResolution:2048]]
[2020.06.21-15.04.11:539][  0]LogConfig: Setting CVar [[r.Shadow.MaxCSMResolution:2048]]
[2020.06.21-15.04.11:539][  0]LogConfig: Setting CVar [[r.Shadow.RadiusThreshold:0.01]]
[2020.06.21-15.04.11:539][  0]LogConfig: Setting CVar [[r.Shadow.DistanceScale:1.0]]
[2020.06.21-15.04.11:539][  0]LogConfig: Setting CVar [[r.Shadow.CSM.TransitionScale:1.0]]
[2020.06.21-15.04.11:539][  0]LogConfig: Setting CVar [[r.Shadow.PreShadowResolutionFactor:1.0]]
[2020.06.21-15.04.11:539][  0]LogConfig: Setting CVar [[r.DistanceFieldShadowing:1]]
[2020.06.21-15.04.11:539][  0]LogConfig: Setting CVar [[r.DistanceFieldAO:1]]
[2020.06.21-15.04.11:539][  0]LogConfig: Setting CVar [[r.AOQuality:2]]
[2020.06.21-15.04.11:539][  0]LogConfig: Setting CVar [[r.VolumetricFog:1]]
[2020.06.21-15.04.11:539][  0]LogConfig: Setting CVar [[r.VolumetricFog.GridPixelSize:8]]
[2020.06.21-15.04.11:539][  0]LogConfig: Setting CVar [[r.VolumetricFog.GridSizeZ:128]]
[2020.06.21-15.04.11:539][  0]LogConfig: Setting CVar [[r.VolumetricFog.HistoryMissSupersampleCount:4]]
[2020.06.21-15.04.11:539][  0]LogConfig: Setting CVar [[r.LightMaxDrawDistanceScale:1]]
[2020.06.21-15.04.11:539][  0]LogConfig: Setting CVar [[r.CapsuleShadows:1]]
[2020.06.21-15.04.11:539][  0]LogConfig: Applying CVar settings from Section [PostProcessQuality@3] File [C:/Users/world/Documents/SourceTree/04_BattleTanks/BattleTank/Saved/Config/Windows/Scalability.ini]
[2020.06.21-15.04.11:539][  0]LogConfig: Setting CVar [[r.MotionBlurQuality:4]]
[2020.06.21-15.04.11:539][  0]LogConfig: Setting CVar [[r.AmbientOcclusionMipLevelFactor:0.4]]
[2020.06.21-15.04.11:539][  0]LogConfig: Setting CVar [[r.AmbientOcclusionMaxQuality:100]]
[2020.06.21-15.04.11:539][  0]LogConfig: Setting CVar [[r.AmbientOcclusionLevels:-1]]
[2020.06.21-15.04.11:539][  0]LogConfig: Setting CVar [[r.AmbientOcclusionRadiusScale:1.0]]
[2020.06.21-15.04.11:539][  0]LogConfig: Setting CVar [[r.DepthOfFieldQuality:2]]
[2020.06.21-15.04.11:539][  0]LogConfig: Setting CVar [[r.RenderTargetPoolMin:400]]
[2020.06.21-15.04.11:539][  0]LogConfig: Setting CVar [[r.LensFlareQuality:2]]
[2020.06.21-15.04.11:539][  0]LogConfig: Setting CVar [[r.SceneColorFringeQuality:1]]
[2020.06.21-15.04.11:539][  0]LogConfig: Setting CVar [[r.EyeAdaptationQuality:2]]
[2020.06.21-15.04.11:539][  0]LogConfig: Setting CVar [[r.BloomQuality:5]]
[2020.06.21-15.04.11:539][  0]LogConfig: Setting CVar [[r.FastBlurThreshold:100]]
[2020.06.21-15.04.11:539][  0]LogConfig: Setting CVar [[r.Upscale.Quality:3]]
[2020.06.21-15.04.11:539][  0]LogConfig: Setting CVar [[r.Tonemapper.GrainQuantization:1]]
[2020.06.21-15.04.11:539][  0]LogConfig: Setting CVar [[r.LightShaftQuality:1]]
[2020.06.21-15.04.11:539][  0]LogConfig: Setting CVar [[r.Filter.SizeScale:1]]
[2020.06.21-15.04.11:539][  0]LogConfig: Setting CVar [[r.Tonemapper.Quality:5]]
[2020.06.21-15.04.11:539][  0]LogConfig: Setting CVar [[r.DOF.Gather.AccumulatorQuality:1        ; higher gathering accumulator quality]]
[2020.06.21-15.04.11:539][  0]LogConfig: Setting CVar [[r.DOF.Gather.PostfilterMethod:1          ; Median3x3 postfilering method]]
[2020.06.21-15.04.11:539][  0]LogConfig: Setting CVar [[r.DOF.Gather.EnableBokehSettings:0       ; no bokeh simulation when gathering]]
[2020.06.21-15.04.11:539][  0]LogConfig: Setting CVar [[r.DOF.Gather.RingCount:4                 ; medium number of samples when gathering]]
[2020.06.21-15.04.11:539][  0]LogConfig: Setting CVar [[r.DOF.Scatter.ForegroundCompositing:1    ; additive foreground scattering]]
[2020.06.21-15.04.11:539][  0]LogConfig: Setting CVar [[r.DOF.Scatter.BackgroundCompositing:2    ; additive background scattering]]
[2020.06.21-15.04.11:539][  0]LogConfig: Setting CVar [[r.DOF.Scatter.EnableBokehSettings:1      ; bokeh simulation when scattering]]
[2020.06.21-15.04.11:539][  0]LogConfig: Setting CVar [[r.DOF.Scatter.MaxSpriteRatio:0.1         ; only a maximum of 10% of scattered bokeh]]
[2020.06.21-15.04.11:539][  0]LogConfig: Setting CVar [[r.DOF.Recombine.Quality:1                ; cheap slight out of focus]]
[2020.06.21-15.04.11:539][  0]LogConfig: Setting CVar [[r.DOF.Recombine.EnableBokehSettings:0    ; no bokeh simulation on slight out of focus]]
[2020.06.21-15.04.11:539][  0]LogConfig: Setting CVar [[r.DOF.TemporalAAQuality:1                ; more stable temporal accumulation]]
[2020.06.21-15.04.11:539][  0]LogConfig: Setting CVar [[r.DOF.Kernel.MaxForegroundRadius:0.025]]
[2020.06.21-15.04.11:539][  0]LogConfig: Setting CVar [[r.DOF.Kernel.MaxBackgroundRadius:0.025]]
[2020.06.21-15.04.11:539][  0]LogConfig: Applying CVar settings from Section [TextureQuality@3] File [C:/Users/world/Documents/SourceTree/04_BattleTanks/BattleTank/Saved/Config/Windows/Scalability.ini]
[2020.06.21-15.04.11:539][  0]LogConfig: Setting CVar [[r.Streaming.MipBias:0]]
[2020.06.21-15.04.11:539][  0]LogConfig: Setting CVar [[r.Streaming.AmortizeCPUToGPUCopy:0]]
[2020.06.21-15.04.11:539][  0]LogConfig: Setting CVar [[r.Streaming.MaxNumTexturesToStreamPerFrame:0]]
[2020.06.21-15.04.11:539][  0]LogConfig: Setting CVar [[r.Streaming.Boost:1]]
[2020.06.21-15.04.11:539][  0]LogConfig: Setting CVar [[r.MaxAnisotropy:8]]
[2020.06.21-15.04.11:539][  0]LogConfig: Setting CVar [[r.Streaming.LimitPoolSizeToVRAM:0]]
[2020.06.21-15.04.11:539][  0]LogConfig: Setting CVar [[r.Streaming.PoolSize:1000]]
[2020.06.21-15.04.11:539][  0]LogConfig: Setting CVar [[r.Streaming.MaxEffectiveScreenSize:0]]
[2020.06.21-15.04.11:539][  0]LogConfig: Applying CVar settings from Section [EffectsQuality@3] File [C:/Users/world/Documents/SourceTree/04_BattleTanks/BattleTank/Saved/Config/Windows/Scalability.ini]
[2020.06.21-15.04.11:539][  0]LogConfig: Setting CVar [[r.TranslucencyLightingVolumeDim:64]]
[2020.06.21-15.04.11:539][  0]LogConfig: Setting CVar [[r.RefractionQuality:2]]
[2020.06.21-15.04.11:539][  0]LogConfig: Setting CVar [[r.SSR.Quality:3]]
[2020.06.21-15.04.11:539][  0]LogConfig: Setting CVar [[r.SceneColorFormat:4]]
[2020.06.21-15.04.11:539][  0]LogConfig: Setting CVar [[r.DetailMode:2]]
[2020.06.21-15.04.11:539][  0]LogConfig: Setting CVar [[r.TranslucencyVolumeBlur:1]]
[2020.06.21-15.04.11:539][  0]LogConfig: Setting CVar [[r.MaterialQualityLevel:1 ; High quality]]
[2020.06.21-15.04.11:539][  0]LogConfig: Setting CVar [[r.SSS.Scale:1]]
[2020.06.21-15.04.11:539][  0]LogConfig: Setting CVar [[r.SSS.SampleSet:2]]
[2020.06.21-15.04.11:539][  0]LogConfig: Setting CVar [[r.SSS.Quality:1]]
[2020.06.21-15.04.11:539][  0]LogConfig: Setting CVar [[r.SSS.HalfRes:1]]
[2020.06.21-15.04.11:539][  0]LogConfig: Setting CVar [[r.EmitterSpawnRateScale:1.0]]
[2020.06.21-15.04.11:539][  0]LogConfig: Setting CVar [[r.ParticleLightQuality:2]]
[2020.06.21-15.04.11:539][  0]LogConfig: Applying CVar settings from Section [FoliageQuality@3] File [C:/Users/world/Documents/SourceTree/04_BattleTanks/BattleTank/Saved/Config/Windows/Scalability.ini]
[2020.06.21-15.04.11:539][  0]LogConfig: Setting CVar [[foliage.DensityScale:1.0]]
[2020.06.21-15.04.11:539][  0]LogConfig: Setting CVar [[grass.DensityScale:1.0]]
[2020.06.21-15.04.11:550][  0]LogInit: Selected Device Profile: [Windows]
[2020.06.21-15.04.11:552][  0]LogInit: Applying CVar settings loaded from the selected device profile: [Windows]
[2020.06.21-15.04.11:579][  0]LogHAL: Display: Platform has ~ 8 GB [8529805312 / 8589934592 / 8], which maps to Default [LargestMinGB=32, LargerMinGB=12, DefaultMinGB=8, SmallerMinGB=6, SmallestMinGB=0)
[2020.06.21-15.04.11:579][  0]LogInit: Going up to parent DeviceProfile []
[2020.06.21-15.04.11:579][  0]LogConfig: Applying CVar settings from Section [ViewDistanceQuality@3] File [C:/Users/world/Documents/SourceTree/04_BattleTanks/BattleTank/Saved/Config/Windows/Scalability.ini]
[2020.06.21-15.04.11:579][  0]LogConfig: Setting CVar [[r.SkeletalMeshLODBias:0]]
[2020.06.21-15.04.11:579][  0]LogConfig: Setting CVar [[r.ViewDistanceScale:1.0]]
[2020.06.21-15.04.11:579][  0]LogConfig: Applying CVar settings from Section [AntiAliasingQuality@3] File [C:/Users/world/Documents/SourceTree/04_BattleTanks/BattleTank/Saved/Config/Windows/Scalability.ini]
[2020.06.21-15.04.11:579][  0]LogConfig: Setting CVar [[r.PostProcessAAQuality:4]]
[2020.06.21-15.04.11:579][  0]LogConfig: Applying CVar settings from Section [ShadowQuality@3] File [C:/Users/world/Documents/SourceTree/04_BattleTanks/BattleTank/Saved/Config/Windows/Scalability.ini]
[2020.06.21-15.04.11:579][  0]LogConfig: Setting CVar [[r.LightFunctionQuality:1]]
[2020.06.21-15.04.11:579][  0]LogConfig: Setting CVar [[r.ShadowQuality:5]]
[2020.06.21-15.04.11:580][  0]LogConfig: Setting CVar [[r.Shadow.CSM.MaxCascades:10]]
[2020.06.21-15.04.11:580][  0]LogConfig: Setting CVar [[r.Shadow.MaxResolution:2048]]
[2020.06.21-15.04.11:580][  0]LogConfig: Setting CVar [[r.Shadow.MaxCSMResolution:2048]]
[2020.06.21-15.04.11:580][  0]LogConfig: Setting CVar [[r.Shadow.RadiusThreshold:0.01]]
[2020.06.21-15.04.11:580][  0]LogConfig: Setting CVar [[r.Shadow.DistanceScale:1.0]]
[2020.06.21-15.04.11:580][  0]LogConfig: Setting CVar [[r.Shadow.CSM.TransitionScale:1.0]]
[2020.06.21-15.04.11:580][  0]LogConfig: Setting CVar [[r.Shadow.PreShadowResolutionFactor:1.0]]
[2020.06.21-15.04.11:580][  0]LogConfig: Setting CVar [[r.DistanceFieldShadowing:1]]
[2020.06.21-15.04.11:580][  0]LogConfig: Setting CVar [[r.DistanceFieldAO:1]]
[2020.06.21-15.04.11:580][  0]LogConfig: Setting CVar [[r.AOQuality:2]]
[2020.06.21-15.04.11:580][  0]LogConfig: Setting CVar [[r.VolumetricFog:1]]
[2020.06.21-15.04.11:580][  0]LogConfig: Setting CVar [[r.VolumetricFog.GridPixelSize:8]]
[2020.06.21-15.04.11:580][  0]LogConfig: Setting CVar [[r.VolumetricFog.GridSizeZ:128]]
[2020.06.21-15.04.11:580][  0]LogConfig: Setting CVar [[r.VolumetricFog.HistoryMissSupersampleCount:4]]
[2020.06.21-15.04.11:580][  0]LogConfig: Setting CVar [[r.LightMaxDrawDistanceScale:1]]
[2020.06.21-15.04.11:580][  0]LogConfig: Setting CVar [[r.CapsuleShadows:1]]
[2020.06.21-15.04.11:580][  0]LogConfig: Applying CVar settings from Section [PostProcessQuality@3] File [C:/Users/world/Documents/SourceTree/04_BattleTanks/BattleTank/Saved/Config/Windows/Scalability.ini]
[2020.06.21-15.04.11:580][  0]LogConfig: Setting CVar [[r.MotionBlurQuality:4]]
[2020.06.21-15.04.11:580][  0]LogConfig: Setting CVar [[r.AmbientOcclusionMipLevelFactor:0.4]]
[2020.06.21-15.04.11:580][  0]LogConfig: Setting CVar [[r.AmbientOcclusionMaxQuality:100]]
[2020.06.21-15.04.11:580][  0]LogConfig: Setting CVar [[r.AmbientOcclusionLevels:-1]]
[2020.06.21-15.04.11:580][  0]LogConfig: Setting CVar [[r.AmbientOcclusionRadiusScale:1.0]]
[2020.06.21-15.04.11:580][  0]LogConfig: Setting CVar [[r.DepthOfFieldQuality:2]]
[2020.06.21-15.04.11:580][  0]LogConfig: Setting CVar [[r.RenderTargetPoolMin:400]]
[2020.06.21-15.04.11:580][  0]LogConfig: Setting CVar [[r.LensFlareQuality:2]]
[2020.06.21-15.04.11:580][  0]LogConfig: Setting CVar [[r.SceneColorFringeQuality:1]]
[2020.06.21-15.04.11:580][  0]LogConfig: Setting CVar [[r.EyeAdaptationQuality:2]]
[2020.06.21-15.04.11:580][  0]LogConfig: Setting CVar [[r.BloomQuality:5]]
[2020.06.21-15.04.11:580][  0]LogConfig: Setting CVar [[r.FastBlurThreshold:100]]
[2020.06.21-15.04.11:580][  0]LogConfig: Setting CVar [[r.Upscale.Quality:3]]
[2020.06.21-15.04.11:580][  0]LogConfig: Setting CVar [[r.Tonemapper.GrainQuantization:1]]
[2020.06.21-15.04.11:580][  0]LogConfig: Setting CVar [[r.LightShaftQuality:1]]
[2020.06.21-15.04.11:580][  0]LogConfig: Setting CVar [[r.Filter.SizeScale:1]]
[2020.06.21-15.04.11:580][  0]LogConfig: Setting CVar [[r.Tonemapper.Quality:5]]
[2020.06.21-15.04.11:580][  0]LogConfig: Setting CVar [[r.DOF.Gather.AccumulatorQuality:1        ; higher gathering accumulator quality]]
[2020.06.21-15.04.11:580][  0]LogConfig: Setting CVar [[r.DOF.Gather.PostfilterMethod:1          ; Median3x3 postfilering method]]
[2020.06.21-15.04.11:580][  0]LogConfig: Setting CVar [[r.DOF.Gather.EnableBokehSettings:0       ; no bokeh simulation when gathering]]
[2020.06.21-15.04.11:580][  0]LogConfig: Setting CVar [[r.DOF.Gather.RingCount:4                 ; medium number of samples when gathering]]
[2020.06.21-15.04.11:581][  0]LogConfig: Setting CVar [[r.DOF.Scatter.ForegroundCompositing:1    ; additive foreground scattering]]
[2020.06.21-15.04.11:581][  0]LogConfig: Setting CVar [[r.DOF.Scatter.BackgroundCompositing:2    ; additive background scattering]]
[2020.06.21-15.04.11:581][  0]LogConfig: Setting CVar [[r.DOF.Scatter.EnableBokehSettings:1      ; bokeh simulation when scattering]]
[2020.06.21-15.04.11:581][  0]LogConfig: Setting CVar [[r.DOF.Scatter.MaxSpriteRatio:0.1         ; only a maximum of 10% of scattered bokeh]]
[2020.06.21-15.04.11:581][  0]LogConfig: Setting CVar [[r.DOF.Recombine.Quality:1                ; cheap slight out of focus]]
[2020.06.21-15.04.11:581][  0]LogConfig: Setting CVar [[r.DOF.Recombine.EnableBokehSettings:0    ; no bokeh simulation on slight out of focus]]
[2020.06.21-15.04.11:581][  0]LogConfig: Setting CVar [[r.DOF.TemporalAAQuality:1                ; more stable temporal accumulation]]
[2020.06.21-15.04.11:581][  0]LogConfig: Setting CVar [[r.DOF.Kernel.MaxForegroundRadius:0.025]]
[2020.06.21-15.04.11:581][  0]LogConfig: Setting CVar [[r.DOF.Kernel.MaxBackgroundRadius:0.025]]
[2020.06.21-15.04.11:581][  0]LogConfig: Applying CVar settings from Section [TextureQuality@3] File [C:/Users/world/Documents/SourceTree/04_BattleTanks/BattleTank/Saved/Config/Windows/Scalability.ini]
[2020.06.21-15.04.11:581][  0]LogConfig: Setting CVar [[r.Streaming.MipBias:0]]
[2020.06.21-15.04.11:581][  0]LogConfig: Setting CVar [[r.Streaming.AmortizeCPUToGPUCopy:0]]
[2020.06.21-15.04.11:581][  0]LogConfig: Setting CVar [[r.Streaming.MaxNumTexturesToStreamPerFrame:0]]
[2020.06.21-15.04.11:581][  0]LogConfig: Setting CVar [[r.Streaming.Boost:1]]
[2020.06.21-15.04.11:581][  0]LogConfig: Setting CVar [[r.MaxAnisotropy:8]]
[2020.06.21-15.04.11:581][  0]LogConfig: Setting CVar [[r.Streaming.LimitPoolSizeToVRAM:0]]
[2020.06.21-15.04.11:581][  0]LogConfig: Setting CVar [[r.Streaming.PoolSize:1000]]
[2020.06.21-15.04.11:581][  0]LogConfig: Setting CVar [[r.Streaming.MaxEffectiveScreenSize:0]]
[2020.06.21-15.04.11:581][  0]LogConfig: Applying CVar settings from Section [EffectsQuality@3] File [C:/Users/world/Documents/SourceTree/04_BattleTanks/BattleTank/Saved/Config/Windows/Scalability.ini]
[2020.06.21-15.04.11:581][  0]LogConfig: Setting CVar [[r.TranslucencyLightingVolumeDim:64]]
[2020.06.21-15.04.11:581][  0]LogConfig: Setting CVar [[r.RefractionQuality:2]]
[2020.06.21-15.04.11:581][  0]LogConfig: Setting CVar [[r.SSR.Quality:3]]
[2020.06.21-15.04.11:581][  0]LogConfig: Setting CVar [[r.SceneColorFormat:4]]
[2020.06.21-15.04.11:581][  0]LogConfig: Setting CVar [[r.DetailMode:2]]
[2020.06.21-15.04.11:581][  0]LogConfig: Setting CVar [[r.TranslucencyVolumeBlur:1]]
[2020.06.21-15.04.11:581][  0]LogConfig: Setting CVar [[r.MaterialQualityLevel:1 ; High quality]]
[2020.06.21-15.04.11:581][  0]LogConfig: Setting CVar [[r.SSS.Scale:1]]
[2020.06.21-15.04.11:581][  0]LogConfig: Setting CVar [[r.SSS.SampleSet:2]]
[2020.06.21-15.04.11:581][  0]LogConfig: Setting CVar [[r.SSS.Quality:1]]
[2020.06.21-15.04.11:581][  0]LogConfig: Setting CVar [[r.SSS.HalfRes:1]]
[2020.06.21-15.04.11:581][  0]LogConfig: Setting CVar [[r.EmitterSpawnRateScale:1.0]]
[2020.06.21-15.04.11:581][  0]LogConfig: Setting CVar [[r.ParticleLightQuality:2]]
[2020.06.21-15.04.11:581][  0]LogConfig: Applying CVar settings from Section [FoliageQuality@3] File [C:/Users/world/Documents/SourceTree/04_BattleTanks/BattleTank/Saved/Config/Windows/Scalability.ini]
[2020.06.21-15.04.11:581][  0]LogConfig: Setting CVar [[foliage.DensityScale:1.0]]
[2020.06.21-15.04.11:581][  0]LogConfig: Setting CVar [[grass.DensityScale:1.0]]
[2020.06.21-15.04.11:581][  0]LogConfig: Applying CVar settings from Section [Startup] File [../../../Engine/Config/ConsoleVariables.ini]
[2020.06.21-15.04.11:588][  0]LogConfig: Setting CVar [[net.UseAdaptiveNetUpdateFrequency:0]]
[2020.06.21-15.04.11:588][  0]LogConfig: Setting CVar [[p.chaos.AllowCreatePhysxBodies:1]]
[2020.06.21-15.04.11:588][  0]LogConfig: Applying CVar settings from Section [ConsoleVariables] File [C:/Users/world/Documents/SourceTree/04_BattleTanks/BattleTank/Saved/Config/Windows/Engine.ini]
[2020.06.21-15.04.11:626][  0]LogInit: Computer: DESKTOP-0CQVP2H
[2020.06.21-15.04.11:626][  0]LogInit: User: world
[2020.06.21-15.04.11:626][  0]LogInit: CPU Page size=4096, Cores=6
[2020.06.21-15.04.11:626][  0]LogInit: High frequency timer resolution =10.000000 MHz
[2020.06.21-15.04.11:627][  0]LogMemory: Memory total: Physical=7.9GB (8GB approx)
[2020.06.21-15.04.11:627][  0]LogMemory: Platform Memory Stats for Windows
[2020.06.21-15.04.11:627][  0]LogMemory: Process Physical Memory: 100.17 MB used, 100.17 MB peak
[2020.06.21-15.04.11:628][  0]LogMemory: Process Virtual Memory: 88.29 MB used, 88.29 MB peak
[2020.06.21-15.04.11:628][  0]LogMemory: Physical Memory: 3339.50 MB used,  4795.16 MB free, 8134.66 MB total
[2020.06.21-15.04.11:628][  0]LogMemory: Virtual Memory: 4652.24 MB used,  134213072.00 MB free, 134217728.00 MB total
[2020.06.21-15.04.11:950][  0]LogWindows: WindowsPlatformFeatures enabled
[2020.06.21-15.04.12:541][  0]LogInit: Using OS detected language (en-GB).
[2020.06.21-15.04.12:541][  0]LogInit: Using OS detected locale (en-GB).
[2020.06.21-15.04.12:572][  0]LogTextLocalizationManager: No specific localization for 'en-GB' exists, so the 'en' localization will be used.
[2020.06.21-15.04.13:178][  0]LogInit: Setting process to per monitor DPI aware
[2020.06.21-15.04.13:821][  0]LogSlate: New Slate User Created.  User Index 0, Is Virtual User: 0
[2020.06.21-15.04.13:821][  0]LogSlate: Slate User Registered.  User Index 0, Is Virtual User: 0
[2020.06.21-15.04.23:853][  0]LogHMD: Failed to initialize OpenVR with code 108
[2020.06.21-15.04.23:853][  0]LogD3D11RHI: D3D11 adapters:
[2020.06.21-15.04.27:065][  0]LogD3D11RHI:    0. 'NVIDIA GeForce GTX 1050 Ti' (Feature Level 11_0)
[2020.06.21-15.04.27:065][  0]LogD3D11RHI:       4018/0/4067 MB DedicatedVideo/DedicatedSystem/SharedSystem, Outputs:2, VendorId:0x10de
[2020.06.21-15.04.27:128][  0]LogD3D11RHI:    1. 'Microsoft Basic Render Driver' (Feature Level 11_0)
[2020.06.21-15.04.27:128][  0]LogD3D11RHI:       0/0/4067 MB DedicatedVideo/DedicatedSystem/SharedSystem, Outputs:0, VendorId:0x1414
[2020.06.21-15.04.27:128][  0]LogD3D11RHI: Chosen D3D11 Adapter: 0
[2020.06.21-15.04.27:335][  0]LogD3D11RHI: Creating new Direct3DDevice
[2020.06.21-15.04.27:335][  0]LogD3D11RHI:     GPU DeviceId: 0x1c82 (for the marketing name, search the web for "GPU Device Id")
[2020.06.21-15.04.27:335][  0]LogWindows: EnumDisplayDevices:
[2020.06.21-15.04.27:335][  0]LogWindows:    0. 'NVIDIA GeForce GTX 1050 Ti' (P:1 D:1)
[2020.06.21-15.04.27:336][  0]LogWindows:    1. 'NVIDIA GeForce GTX 1050 Ti' (P:0 D:1)
[2020.06.21-15.04.27:336][  0]LogWindows:    2. 'NVIDIA GeForce GTX 1050 Ti' (P:0 D:0)
[2020.06.21-15.04.27:336][  0]LogWindows:    3. 'NVIDIA GeForce GTX 1050 Ti' (P:0 D:0)
[2020.06.21-15.04.27:336][  0]LogWindows: DebugString: FoundDriverCount:4 
[2020.06.21-15.04.27:336][  0]LogD3D11RHI:     Adapter Name: NVIDIA GeForce GTX 1050 Ti
[2020.06.21-15.04.27:337][  0]LogD3D11RHI:   Driver Version: 446.14 (internal:26.21.14.4614, unified:446.14)
[2020.06.21-15.04.27:337][  0]LogD3D11RHI:      Driver Date: 5-15-2020
[2020.06.21-15.04.27:337][  0]LogRHI: Texture pool is 2812 MB (70% of 4018 MB)
[2020.06.21-15.04.27:423][  0]LogD3D11RHI: Async texture creation enabled
[2020.06.21-15.04.28:232][  0]LogD3D11RHI: GPU Timing Frequency: 1000.000000 (Debug: 2 1)
[2020.06.21-15.04.42:581][  0]LogTemp: Display: Module 'AllDesktopTargetPlatform' loaded TargetPlatform 'AllDesktop'
[2020.06.21-15.04.42:843][  0]LogTemp: Display: Module 'MacClientTargetPlatform' loaded TargetPlatform 'MacClient'
[2020.06.21-15.04.42:921][  0]LogTemp: Display: Module 'MacNoEditorTargetPlatform' loaded TargetPlatform 'MacNoEditor'
[2020.06.21-15.04.43:209][  0]LogTemp: Display: Module 'MacServerTargetPlatform' loaded TargetPlatform 'MacServer'
[2020.06.21-15.04.43:569][  0]LogTemp: Display: Module 'MacTargetPlatform' loaded TargetPlatform 'Mac'
[2020.06.21-15.04.43:743][  0]LogTemp: Display: Module 'WindowsClientTargetPlatform' loaded TargetPlatform 'WindowsClient'
[2020.06.21-15.04.43:856][  0]LogTemp: Display: Module 'WindowsNoEditorTargetPlatform' loaded TargetPlatform 'WindowsNoEditor'
[2020.06.21-15.04.44:182][  0]LogTemp: Display: Module 'WindowsServerTargetPlatform' loaded TargetPlatform 'WindowsServer'
[2020.06.21-15.04.44:429][  0]LogTemp: Display: Module 'WindowsTargetPlatform' loaded TargetPlatform 'Windows'
[2020.06.21-15.04.44:969][  0]LogTemp: Display: Module 'AndroidTargetPlatform' loaded TargetPlatform 'Android'
[2020.06.21-15.04.44:969][  0]LogTemp: Display: Module 'AndroidTargetPlatform' loaded TargetPlatform 'Android_ASTC'
[2020.06.21-15.04.44:969][  0]LogTemp: Display: Module 'AndroidTargetPlatform' loaded TargetPlatform 'Android_ATC'
[2020.06.21-15.04.44:969][  0]LogTemp: Display: Module 'AndroidTargetPlatform' loaded TargetPlatform 'Android_DXT'
[2020.06.21-15.04.44:969][  0]LogTemp: Display: Module 'AndroidTargetPlatform' loaded TargetPlatform 'Android_ETC1'
[2020.06.21-15.04.44:969][  0]LogTemp: Display: Module 'AndroidTargetPlatform' loaded TargetPlatform 'Android_ETC1a'
[2020.06.21-15.04.44:969][  0]LogTemp: Display: Module 'AndroidTargetPlatform' loaded TargetPlatform 'Android_ETC2'
[2020.06.21-15.04.44:969][  0]LogTemp: Display: Module 'AndroidTargetPlatform' loaded TargetPlatform 'Android_PVRTC'
[2020.06.21-15.04.44:969][  0]LogTemp: Display: Module 'AndroidTargetPlatform' loaded TargetPlatform 'AndroidClient'
[2020.06.21-15.04.44:969][  0]LogTemp: Display: Module 'AndroidTargetPlatform' loaded TargetPlatform 'Android_ASTCClient'
[2020.06.21-15.04.44:969][  0]LogTemp: Display: Module 'AndroidTargetPlatform' loaded TargetPlatform 'Android_ATCClient'
[2020.06.21-15.04.44:969][  0]LogTemp: Display: Module 'AndroidTargetPlatform' loaded TargetPlatform 'Android_DXTClient'
[2020.06.21-15.04.44:969][  0]LogTemp: Display: Module 'AndroidTargetPlatform' loaded TargetPlatform 'Android_ETC1Client'
[2020.06.21-15.04.44:969][  0]LogTemp: Display: Module 'AndroidTargetPlatform' loaded TargetPlatform 'Android_ETC1aClient'
[2020.06.21-15.04.44:969][  0]LogTemp: Display: Module 'AndroidTargetPlatform' loaded TargetPlatform 'Android_ETC2Client'
[2020.06.21-15.04.44:969][  0]LogTemp: Display: Module 'AndroidTargetPlatform' loaded TargetPlatform 'Android_PVRTCClient'
[2020.06.21-15.04.44:969][  0]LogTemp: Display: Module 'AndroidTargetPlatform' loaded TargetPlatform 'Android_Multi'
[2020.06.21-15.04.44:969][  0]LogTemp: Display: Module 'AndroidTargetPlatform' loaded TargetPlatform 'Android_MultiClient'
[2020.06.21-15.04.45:252][  0]LogTemp: Display: Module 'HTML5TargetPlatform' loaded TargetPlatform 'HTML5'
[2020.06.21-15.04.46:287][  0]LogTemp: Display: Module 'IOSTargetPlatform' loaded TargetPlatform 'IOSClient'
[2020.06.21-15.04.46:287][  0]LogTemp: Display: Module 'IOSTargetPlatform' loaded TargetPlatform 'IOS'
[2020.06.21-15.04.46:592][  0]LogTemp: Display: Module 'TVOSTargetPlatform' loaded TargetPlatform 'TVOSClient'
[2020.06.21-15.04.46:592][  0]LogTemp: Display: Module 'TVOSTargetPlatform' loaded TargetPlatform 'TVOS'
[2020.06.21-15.04.46:877][  0]LogTemp: Display: Module 'LinuxClientTargetPlatform' loaded TargetPlatform 'LinuxClient'
[2020.06.21-15.04.47:232][  0]LogTemp: Display: Module 'LinuxNoEditorTargetPlatform' loaded TargetPlatform 'LinuxNoEditor'
[2020.06.21-15.04.47:511][  0]LogTemp: Display: Module 'LinuxServerTargetPlatform' loaded TargetPlatform 'LinuxServer'
[2020.06.21-15.04.47:800][  0]LogTemp: Display: Module 'LinuxTargetPlatform' loaded TargetPlatform 'Linux'
[2020.06.21-15.04.48:178][  0]LogTemp: Display: Module 'LuminTargetPlatform' loaded TargetPlatform 'Lumin'
[2020.06.21-15.04.48:178][  0]LogTemp: Display: Module 'LuminTargetPlatform' loaded TargetPlatform 'LuminClient'
[2020.06.21-15.04.48:178][  0]LogTargetPlatformManager: Display: Building Assets For Windows
[2020.06.21-15.04.48:905][  0]LogAudioDebug: Display: Lib vorbis DLL was dynamically loaded.
[2020.06.21-15.04.55:541][  0]LogShaderCompilers: Guid format shader working directory is -6 characters bigger than the processId version (../../../../../SourceTree/04_BattleTanks/BattleTank/Intermediate/Shaders/WorkingDirectory/23736/).
[2020.06.21-15.04.55:541][  0]LogShaderCompilers: Cleaned the shader compiler working directory 'C:/Users/world/AppData/Local/Temp/UnrealShaderWorkingDir/2B74C4654B3F10FACA92EFB41F814CA3/'.
[2020.06.21-15.04.55:590][  0]LogXGEController: Cannot use XGE Controller as Incredibuild is not installed on this machine.
[2020.06.21-15.04.55:616][  0]LogShaderCompilers: Cannot use XGE Shader Compiler as Incredibuild is not installed on this machine.
[2020.06.21-15.04.55:616][  0]LogShaderCompilers: Display: Using Local Shader Compiler.
[2020.06.21-15.05.13:012][  0]LogDerivedDataCache: Display: Max Cache Size: 512 MB
[2020.06.21-15.05.14:026][  0]LogDerivedDataCache: Loaded boot cache 1.01s 73MB C:/Users/world/AppData/Local/UnrealEngine/4.23/DerivedDataCache/Boot.ddc.
[2020.06.21-15.05.14:026][  0]LogDerivedDataCache: Display: Loaded Boot cache: C:/Users/world/AppData/Local/UnrealEngine/4.23/DerivedDataCache/Boot.ddc
[2020.06.21-15.05.14:027][  0]LogDerivedDataCache: FDerivedDataBackendGraph:  Pak pak cache file ../../../../../SourceTree/04_BattleTanks/BattleTank/DerivedDataCache/DDC.ddp not found, will not use a pak cache.
[2020.06.21-15.05.14:027][  0]LogDerivedDataCache: Unable to find inner node Pak for hierarchical cache Hierarchy.
[2020.06.21-15.05.14:027][  0]LogDerivedDataCache: FDerivedDataBackendGraph:  CompressedPak pak cache file ../../../../../SourceTree/04_BattleTanks/BattleTank/DerivedDataCache/Compressed.ddp not found, will not use a pak cache.
[2020.06.21-15.05.14:027][  0]LogDerivedDataCache: Unable to find inner node CompressedPak for hierarchical cache Hierarchy.
[2020.06.21-15.05.14:079][  0]LogDerivedDataCache: Display: Pak cache opened for reading ../../../Engine/DerivedDataCache/Compressed.ddp.
[2020.06.21-15.05.14:079][  0]LogDerivedDataCache: FDerivedDataBackendGraph:  EnterprisePak pak cache file ../../../Enterprise/DerivedDataCache/Compressed.ddp not found, will not use a pak cache.
[2020.06.21-15.05.14:079][  0]LogDerivedDataCache: Unable to find inner node EnterprisePak for hierarchical cache Hierarchy.
[2020.06.21-15.05.14:094][  0]LogDerivedDataCache: Using Local data cache path C:/Users/world/AppData/Local/UnrealEngine/Common/DerivedDataCache: Writable
[2020.06.21-15.05.14:094][  0]LogDerivedDataCache: Shared data cache path not found in *engine.ini, will not use an Shared cache.
[2020.06.21-15.05.14:094][  0]LogDerivedDataCache: Unable to find inner node Shared for hierarchical cache Hierarchy.
[2020.06.21-15.05.14:162][  0]LogMaterial: Verifying Global Shaders for PCD3D_SM5
[2020.06.21-15.05.14:262][  0]LogSlate: Using FreeType 2.6.0
[2020.06.21-15.05.14:350][  0]LogSlate: SlateFontServices - WITH_FREETYPE: 1, WITH_HARFBUZZ: 1
[2020.06.21-15.05.15:419][  0]LogAssetRegistry: FAssetRegistry took 0.0047 seconds to start up
[2020.06.21-15.05.21:220][  0]LogInit: Selected Device Profile: [Windows]
[2020.06.21-15.05.24:530][  0]LogMeshReduction: Using QuadricMeshReduction for automatic static mesh reduction
[2020.06.21-15.05.24:530][  0]LogMeshReduction: Using SimplygonMeshReduction for automatic skeletal mesh reduction
[2020.06.21-15.05.24:530][  0]LogMeshReduction: Using ProxyLODMeshReduction for automatic mesh merging
[2020.06.21-15.05.24:530][  0]LogMeshReduction: No distributed automatic mesh merging module available
[2020.06.21-15.05.24:534][  0]LogMeshMerging: No distributed automatic mesh merging module available
[2020.06.21-15.05.25:226][  0]LogNetVersion: BattleTank 1.0.0, NetCL: 8386587, EngineNetVer: 11, GameNetVer: 0 (Checksum: 546309489)
[2020.06.21-15.05.30:899][  0]LogPackageLocalizationCache: Processed 12 localized package path(s) for 1 prioritized culture(s) in 0.255302 seconds
[2020.06.21-15.05.30:906][  0]LogUObjectArray: 43444 objects as part of root set at end of initial load.
[2020.06.21-15.05.30:906][  0]LogUObjectAllocator: 7548648 out of 0 bytes used by permanent object pool.
[2020.06.21-15.05.30:906][  0]LogUObjectArray: CloseDisregardForGC: 0/0 objects in disregard for GC pool
[2020.06.21-15.05.50:045][  0]LogTcpMessaging: Initializing TcpMessaging bridge
[2020.06.21-15.05.50:073][  0]LogUdpMessaging: Initializing bridge on interface 0.0.0.0:0 to multicast group 230.0.0.1:6666.
[2020.06.21-15.05.51:539][  0]SourceControl: Source control is disabled
[2020.06.21-15.05.51:574][  0]SourceControl: Source control is disabled
[2020.06.21-15.05.51:774][  0]SourceControl: Source control is disabled
[2020.06.21-15.05.51:789][  0]SourceControl: Source control is disabled
[2020.06.21-15.05.53:591][  0]LogAndroidPermission: UAndroidPermissionCallbackProxy::GetInstance
[2020.06.21-15.05.54:891][  0]LogOcInput: OculusInput pre-init called
[2020.06.21-15.05.54:953][  0]LogWindows: Failed to load 'OVRPlugin.dll' (GetLastError=126)
[2020.06.21-15.05.54:953][  0]LogWindows: File 'OVRPlugin.dll' does not exist
[2020.06.21-15.05.56:179][  0]LogEngine: Initializing Engine...
[2020.06.21-15.05.56:320][  0]LogHMD: Failed to initialize OpenVR with code 108
[2020.06.21-15.05.56:409][  0]LogStats: UGameplayTagsManager::InitializeManager -  0.019 s
[2020.06.21-15.05.57:628][  0]LogInit: Initializing FReadOnlyCVARCache
[2020.06.21-15.05.58:116][  0]LogAIModule: Creating AISystem for world Untitled
[2020.06.21-15.05.58:483][  0]LogInit: XAudio2 using 'Speakers (Realtek(R) Audio)' : 6 channels at 48 kHz using 32 bits per sample (channel mask 0x3f)
[2020.06.21-15.05.58:554][  0]LogInit: FAudioDevice initialized.
[2020.06.21-15.05.58:555][  0]LogNetVersion: Set ProjectVersion to 1.0.0.0. Version Checksum will be recalculated on next use.
[2020.06.21-15.05.58:823][  0]LogDerivedDataCache: Saved boot cache 0.27s 73MB C:/Users/world/AppData/Local/UnrealEngine/4.23/DerivedDataCache/Boot.ddc.
[2020.06.21-15.05.58:824][  0]LogInit: Texture streaming: Enabled
[2020.06.21-15.05.59:462][  0]LogEngineSessionManager: EngineSessionManager initialized
[2020.06.21-15.05.59:462][  0]LogEditorSessionSummary: Verbose: Initializing EditorSessionSummaryWriter for editor session tracking
[2020.06.21-15.05.59:500][  0]LogEditorSessionSummary: EditorSessionSummaryWriter initialized
[2020.06.21-15.06.00:128][  0]LogInit: Transaction tracking system initialized
[2020.06.21-15.06.02:197][  0]BlueprintLog: New page: Editor Load
[2020.06.21-15.06.05:440][  0]LocalizationService: Localization service is disabled
[2020.06.21-15.06.09:621][  0]LogFileCache: Scanning file cache for directory 'C:/Users/world/Documents/SourceTree/04_BattleTanks/BattleTank/Content/' took 0.00s
[2020.06.21-15.06.09:621][  0]LogCook: Display: Max memory allowance for cook 16384mb min free memory 0mb
[2020.06.21-15.06.09:621][  0]LogCook: Display: Mobile HDR setting 1
[2020.06.21-15.06.19:429][  0]SourceControl: Source control is disabled
[2020.06.21-15.06.19:504][  0]Cmd: MAP LOAD FILE="../../../Engine/Content/Maps/Templates/Template_Default.umap" TEMPLATE=1 SHOWPROGRESS=1 FEATURELEVEL=3
[2020.06.21-15.06.19:610][  0]LightingResults: New page: Lighting Build
[2020.06.21-15.06.19:984][  0]LogWorld: UWorld::CleanupWorld for Untitled, bSessionEnded=true, bCleanupResources=true
[2020.06.21-15.06.20:332][  0]MapCheck: New page: Map Check
[2020.06.21-15.06.20:332][  0]LightingResults: New page: Lighting Build
[2020.06.21-15.06.20:938][  0]LogUObjectHash: Compacting FUObjectHashTables data took   1.42ms
[2020.06.21-15.06.23:027][  0]LogAIModule: Creating AISystem for world Untitled_1
[2020.06.21-15.06.23:730][  0]LogEditorServer: Finished looking for orphan Actors (0.000 secs)
[2020.06.21-15.06.23:865][  0]LogUObjectHash: Compacting FUObjectHashTables data took   1.65ms
[2020.06.21-15.06.23:865][  0]Cmd: MAP CHECKDEP NOCLEARLOG
[2020.06.21-15.06.23:883][  0]MapCheck: Map check complete: 0 Error(s), 0 Warning(s), took 17.675ms to complete.
[2020.06.21-15.06.23:883][  0]LogFileHelpers: Loading map 'Template_Default' took 4.418
[2020.06.21-15.06.26:107][  0]LogSlate: Updating window title bar state: overlay mode, drag disabled, window buttons hidden, title bar hidden
[2020.06.21-15.06.26:114][  0]LogSlate: Updating window title bar state: overlay mode, drag disabled, window buttons hidden, title bar hidden
[2020.06.21-15.06.26:120][  0]LogSlate: Updating window title bar state: overlay mode, drag disabled, window buttons hidden, title bar hidden
[2020.06.21-15.06.26:126][  0]LogSlate: Updating window title bar state: overlay mode, drag disabled, window buttons hidden, title bar hidden
[2020.06.21-15.06.26:283][  0]LogCollectionManager: Loaded 0 collections in 0.001973 seconds
[2020.06.21-15.06.26:452][  0]LogFileCache: Scanning file cache for directory 'C:/Users/world/Documents/SourceTree/04_BattleTanks/BattleTank/Saved/Collections/' took 0.00s
[2020.06.21-15.06.26:452][  0]LogFileCache: Scanning file cache for directory 'C:/Users/world/Documents/SourceTree/04_BattleTanks/BattleTank/Content/Developers/world/Collections/' took 0.00s
[2020.06.21-15.06.26:452][  0]LogFileCache: Scanning file cache for directory 'C:/Users/world/Documents/SourceTree/04_BattleTanks/BattleTank/Content/Collections/' took 0.00s
[2020.06.21-15.06.26:452][  0]LogCollectionManager: Rebuilt the GUID cache for 0 collections in 0.000002 seconds
[2020.06.21-15.06.26:485][  0]LogContentBrowser: Native class hierarchy populated in 0.0306 seconds. Added 2865 classes and 684 folders.
[2020.06.21-15.06.26:639][  0]LogContentBrowser: Native class hierarchy updated for 'WidgetCarousel' in 0.0003 seconds. Added 0 classes and 0 folders.
[2020.06.21-15.06.28:405][  0]LogContentBrowser: Native class hierarchy updated for 'AddContentDialog' in 0.0004 seconds. Added 0 classes and 0 folders.
[2020.06.21-15.06.28:625][  0]LogSlate: Took 0.022406 seconds to synchronously load lazily loaded font '../../../Engine/Content/Slate/Fonts/Roboto-Regular.ttf' (155K)
[2020.06.21-15.06.28:656][  0]LogSlate: Took 0.017363 seconds to synchronously load lazily loaded font '../../../Engine/Content/Slate/Fonts/Roboto-Bold.ttf' (160K)
[2020.06.21-15.06.28:710][  0]LogSlate: Took 0.009052 seconds to synchronously load lazily loaded font '../../../Engine/Content/Editor/Slate/Fonts/FontAwesome.ttf' (139K)
[2020.06.21-15.06.29:284][  0]LogRenderer: Reallocating scene render targets to support 976x600 Format 10 NumSamples 1 (Frame:1).
[2020.06.21-15.06.30:132][  0]LogContentBrowser: Native class hierarchy updated for 'HierarchicalLODOutliner' in 0.0003 seconds. Added 0 classes and 0 folders.
[2020.06.21-15.06.30:132][  0]LogLoad: (Engine Initialization) Total time: 178.19 seconds
[2020.06.21-15.06.30:132][  0]LogLoad: (Engine Initialization) Total Blueprint compile time: 0.02 seconds
[2020.06.21-15.06.30:532][  0]LogContentStreaming: Texture pool size now 1000 MB
[2020.06.21-15.06.33:094][ 34]LogAssetRegistry: Asset discovery search completed in 77.6759 seconds
[2020.06.21-15.06.33:097][ 34]LogCollectionManager: Rebuilt the object cache for 0 collections in 0.000005 seconds (found 0 objects)
[2020.06.21-15.06.33:097][ 34]LogCollectionManager: Fixed up redirectors for 0 collections in 0.000061 seconds (updated 0 objects)
[2020.06.21-15.07.30:396][205]LogEditorSessionSummary: EditorSessionSummary sent report. Type=Shutdown, SessionId={686ED19A-40F4-79B2-B6BB-6581F8200F6B}
[2020.06.21-15.20.52:105][600]LogHttp: Warning: 0000021CEA51FB00: invalid HTTP response code received. URL: https://datarouter.ol.epicgames.com/datarouter/api/v1/public/data?SessionID=%7B6B61D06C-4822-AE26-76ED-5AB73BA1C504%7D&AppID=UEEditor.Rocket.Release&AppVersion=4.23.1-9631420%2B%2B%2BUE4%2BRelease-4.23&UserID=fa48ac2745a457500d8727ac0f3edc71%7C20e67988a623405393f790eb1cd79814%7C996c6aa8-acf0-4533-aec9-eeffe4053bf1&AppEnvironment=datacollector-binary&UploadType=eteventstream, HTTP code: 0, content length: -1, actual payload size: 0
[2020.06.21-15.20.52:105][600]LogHttp: Warning: 0000021CEA51FB00: request failed, libcurl error: 56 (Failure when receiving data from the peer)
[2020.06.21-15.20.52:106][600]LogHttp: Warning: 0000021CEA51FB00: libcurl info message cache 0 (Found bundle for host datarouter.ol.epicgames.com: 0x21cd20f7f70 [can pipeline])
[2020.06.21-15.20.52:106][600]LogHttp: Warning: 0000021CEA51FB00: libcurl info message cache 1 (Re-using existing connection! (#4) with host datarouter.ol.epicgames.com)
[2020.06.21-15.20.52:106][600]LogHttp: Warning: 0000021CEA51FB00: libcurl info message cache 2 (Connected to datarouter.ol.epicgames.com (34.234.229.47) port 443 (#4))
[2020.06.21-15.20.52:106][600]LogHttp: Warning: 0000021CEA51FB00: libcurl info message cache 3 (We are completely uploaded and fine)
[2020.06.21-15.20.52:106][600]LogHttp: Warning: 0000021CEA51FB00: libcurl info message cache 4 (OpenSSL SSL_read: SSL_ERROR_SYSCALL, errno 10054)
[2020.06.21-15.20.52:106][600]LogHttp: Warning: 0000021CEA51FB00: libcurl info message cache 5 (Connection died, retrying a fresh connect)
[2020.06.21-15.20.52:106][600]LogHttp: Warning: 0000021CEA51FB00: libcurl info message cache 6 (necessary data rewind wasn't possible)
[2020.06.21-15.20.52:106][600]LogHttp: Warning: 0000021CEA51FB00: libcurl info message cache 7 (Closing connection 4)
[2020.06.21-15.20.52:106][600]LogHttp: Warning: Retry exhausted on https://datarouter.ol.epicgames.com/datarouter/api/v1/public/data?SessionID=%7B6B61D06C-4822-AE26-76ED-5AB73BA1C504%7D&AppID=UEEditor.Rocket.Release&AppVersion=4.23.1-9631420%2B%2B%2BUE4%2BRelease-4.23&UserID=fa48ac2745a457500d8727ac0f3edc71%7C20e67988a623405393f790eb1cd79814%7C996c6aa8-acf0-4533-aec9-eeffe4053bf1&AppEnvironment=datacollector-binary&UploadType=eteventstream
[2020.06.21-16.07.07:087][796]LogEditorViewport: Clicking on Actor (LMB): StaticMeshActor (Floor)
[2020.06.21-16.07.09:520][910]Cmd: DELETE
[2020.06.21-16.07.09:520][910]Cmd: ACTOR DELETE
[2020.06.21-16.07.10:237][910]LogEditorActor: Deleted Actor: StaticMeshActor
[2020.06.21-16.07.10:479][910]LogUObjectHash: Compacting FUObjectHashTables data took   0.66ms
[2020.06.21-16.07.10:505][910]LogEditorActor: Deleted 1 Actors (0.436 secs)
[2020.06.21-16.07.11:835][ 60]LogSlate: FSceneViewport::OnFocusLost() reason 0
[2020.06.21-16.07.13:340][ 66]LogTexture: Display: Building textures: Texture2D_2 (G8, 128X128)
[2020.06.21-16.07.45:264][785]LogSlate: FSceneViewport::OnFocusLost() reason 0
[2020.06.21-16.07.45:620][807]LogSlate: Took 0.036397 seconds to synchronously load lazily loaded font '../../../Engine/Content/Slate/Fonts/Roboto-Light.ttf' (167K)
[2020.06.21-16.07.46:358][807]LogTexture: Display: Building textures: Texture2D_0 (BGRA8, 512X512)
[2020.06.21-16.07.46:358][807]LogTexture: Display: Building textures: Texture2D_1 (BGRA8, 512X512)
[2020.06.21-16.07.46:358][807]LogTexture: Display: Building textures: Texture2D_2 (BGRA8, 512X512)
[2020.06.21-16.07.46:358][807]LogTexture: Display: Building textures: Texture2D_3 (BGRA8, 512X512)
[2020.06.21-16.07.46:358][807]LogTexture: Display: Building textures: Texture2D_4 (BGRA8, 512X512)
[2020.06.21-16.07.46:358][807]LogTexture: Display: Building textures: Texture2D_5 (BGRA8, 512X512)
[2020.06.21-16.07.46:359][807]LogTexture: Display: Building textures: Texture2D_6 (BGRA8, 512X512)
[2020.06.21-16.07.46:359][807]LogTexture: Display: Building textures: Texture2D_7 (BGRA8, 512X512)
[2020.06.21-16.07.46:359][807]LogTexture: Display: Building textures: Texture2D_8 (BGRA8, 512X512)
[2020.06.21-16.07.46:359][807]LogTexture: Display: Building textures: Texture2D_9 (BGRA8, 512X512)
[2020.06.21-16.07.46:359][807]LogTexture: Display: Building textures: Texture2D_10 (BGRA8, 512X512)
[2020.06.21-16.07.46:359][807]LogTexture: Display: Building textures: Texture2D_11 (BGRA8, 512X512)
[2020.06.21-16.07.46:359][807]LogTexture: Display: Building textures: Texture2D_12 (BGRA8, 512X512)
[2020.06.21-16.07.46:360][807]LogTexture: Display: Building textures: Texture2D_13 (BGRA8, 512X512)
[2020.06.21-16.07.46:360][807]LogTexture: Display: Building textures: Texture2D_14 (BGRA8, 512X512)
[2020.06.21-16.07.46:409][807]LogTexture: Display: Building textures: Texture2D_15 (BGRA8, 512X512)
[2020.06.21-16.08.20:898][671]LogSlate: FSceneViewport::OnFocusLost() reason 0
[2020.06.21-16.10.35:539][402]LogSlate: FSceneViewport::OnFocusLost() reason 2
[2020.06.21-16.11.28:282][638]LogSlate: FSceneViewport::OnFocusLost() reason 0
[2020.06.21-16.11.39:308][147]LogSlate: FSceneViewport::OnFocusLost() reason 0
[2020.06.21-16.11.48:530][868]Cmd: TRANSACTION UNDO
[2020.06.21-16.11.48:537][868]LogEditorTransaction: Undo Landscape Editing: Erosion
[2020.06.21-16.11.48:838][868]LogTexture: Display: Building textures: Texture2D_13 (BGRA8, 512X512)
[2020.06.21-16.11.48:843][868]LogTexture: Display: Building textures: Texture2D_14 (BGRA8, 512X512)
[2020.06.21-16.11.48:848][868]LogTexture: Display: Building textures: Texture2D_15 (BGRA8, 512X512)
[2020.06.21-16.11.48:852][868]LogTexture: Display: Building textures: Texture2D_10 (BGRA8, 512X512)
[2020.06.21-16.11.48:857][868]LogTexture: Display: Building textures: Texture2D_9 (BGRA8, 512X512)
[2020.06.21-16.11.48:862][868]LogTexture: Display: Building textures: Texture2D_11 (BGRA8, 512X512)
[2020.06.21-16.11.51:972][110]Cmd: TRANSACTION UNDO
[2020.06.21-16.11.51:973][110]LogEditorTransaction: Undo Landscape Editing: Erosion
[2020.06.21-16.11.52:168][110]LogTexture: Display: Building textures: Texture2D_15 (BGRA8, 512X512)
[2020.06.21-16.11.52:172][110]LogTexture: Display: Building textures: Texture2D_14 (BGRA8, 512X512)
[2020.06.21-16.11.52:176][110]LogTexture: Display: Building textures: Texture2D_10 (BGRA8, 512X512)
[2020.06.21-16.11.52:180][110]LogTexture: Display: Building textures: Texture2D_11 (BGRA8, 512X512)
[2020.06.21-16.11.53:334][211]Cmd: TRANSACTION UNDO
[2020.06.21-16.11.53:334][211]LogEditorTransaction: Undo Landscape Editing: Smooth
[2020.06.21-16.11.53:432][211]LogTexture: Display: Building textures: Texture2D_14 (BGRA8, 512X512)
[2020.06.21-16.11.53:436][211]LogTexture: Display: Building textures: Texture2D_11 (BGRA8, 512X512)
[2020.06.21-16.11.53:457][211]LogTexture: Display: Building textures: Texture2D_10 (BGRA8, 512X512)
[2020.06.21-16.11.53:461][211]LogTexture: Display: Building textures: Texture2D_15 (BGRA8, 512X512)
[2020.06.21-16.11.58:576][668]LogSlate: FSceneViewport::OnFocusLost() reason 0
[2020.06.21-16.13.04:608][766]LogSlate: FSceneViewport::OnFocusLost() reason 2
[2020.06.21-16.13.09:573][185]LogSlate: FSceneViewport::OnFocusLost() reason 2
[2020.06.21-16.13.15:980][796]LogSlate: FSceneViewport::OnFocusLost() reason 2
[2020.06.21-16.13.20:822][344]LogSlate: FSceneViewport::OnFocusLost() reason 0
[2020.06.21-16.13.27:893][ 37]Cmd: TRANSACTION UNDO
[2020.06.21-16.13.27:893][ 37]LogEditorTransaction: Undo Landscape Editing: Noise
[2020.06.21-16.13.27:990][ 37]LogTexture: Display: Building textures: Texture2D_11 (BGRA8, 512X512)
[2020.06.21-16.13.27:995][ 37]LogTexture: Display: Building textures: Texture2D_15 (BGRA8, 512X512)
[2020.06.21-16.13.32:013][318]Cmd: TRANSACTION UNDO
[2020.06.21-16.13.32:013][318]LogEditorTransaction: Undo Landscape Editing: Noise
[2020.06.21-16.13.32:181][318]LogTexture: Display: Building textures: Texture2D_7 (BGRA8, 512X512)
[2020.06.21-16.13.32:186][318]LogTexture: Display: Building textures: Texture2D_6 (BGRA8, 512X512)
[2020.06.21-16.13.32:190][318]LogTexture: Display: Building textures: Texture2D_14 (BGRA8, 512X512)
[2020.06.21-16.13.32:200][318]LogTexture: Display: Building textures: Texture2D_10 (BGRA8, 512X512)
[2020.06.21-16.13.41:085][207]Cmd: TRANSACTION UNDO
[2020.06.21-16.13.41:085][207]LogEditorTransaction: Undo Landscape Editing: Noise
[2020.06.21-16.13.41:155][207]LogTexture: Display: Building textures: Texture2D_11 (BGRA8, 512X512)
[2020.06.21-16.13.41:160][207]LogTexture: Display: Building textures: Texture2D_15 (BGRA8, 512X512)
[2020.06.21-16.13.41:543][244]Cmd: TRANSACTION UNDO
[2020.06.21-16.13.41:543][244]LogEditorTransaction: Undo Landscape Editing: Noise
[2020.06.21-16.13.41:602][244]LogTexture: Display: Building textures: Texture2D_14 (BGRA8, 512X512)
[2020.06.21-16.13.41:607][244]LogTexture: Display: Building textures: Texture2D_11 (BGRA8, 512X512)
[2020.06.21-16.13.41:611][244]LogTexture: Display: Building textures: Texture2D_10 (BGRA8, 512X512)
[2020.06.21-16.13.41:616][244]LogTexture: Display: Building textures: Texture2D_15 (BGRA8, 512X512)
[2020.06.21-16.13.42:049][286]Cmd: TRANSACTION UNDO
[2020.06.21-16.13.42:049][286]LogEditorTransaction: Undo Landscape Editing: Noise
[2020.06.21-16.13.42:183][286]LogTexture: Display: Building textures: Texture2D_11 (BGRA8, 512X512)
[2020.06.21-16.13.42:654][332]Cmd: TRANSACTION UNDO
[2020.06.21-16.13.42:654][332]LogEditorTransaction: Undo Landscape Editing: Noise
[2020.06.21-16.13.46:509][720]LogSlate: FSceneViewport::OnFocusLost() reason 0
[2020.06.21-16.14.17:322][643]LogSlate: FSceneViewport::OnFocusLost() reason 0
[2020.06.21-16.14.24:874][380]LogSlate: FSceneViewport::OnFocusLost() reason 2
[2020.06.21-16.14.29:553][895]LogSlate: FSceneViewport::OnFocusLost() reason 0
[2020.06.21-16.14.52:979][982]LogSlate: Window 'Save Level As' being destroyed
[2020.06.21-16.14.53:263][982]LogSlate: FSceneViewport::OnFocusLost() reason 5
[2020.06.21-16.14.53:498][982]LogUObjectHash: Compacting FUObjectHashTables data took   1.73ms
[2020.06.21-16.14.53:543][982]Cmd: OBJ SAVEPACKAGE PACKAGE="/Game/BattleGround" FILE="../../../../../SourceTree/04_BattleTanks/BattleTank/Content/BattleGround.umap" SILENT=true AUTOSAVING=false KEEPDIRTY=false
[2020.06.21-16.14.53:608][982]LogUObjectHash: Compacting FUObjectHashTables data took   1.21ms
[2020.06.21-16.14.54:516][982]LogTexture: Display: Building textures: Texture2D_0 (BGRA8, 512X512)
[2020.06.21-16.14.54:521][982]LogTexture: Display: Building textures: Texture2D_1 (BGRA8, 512X512)
[2020.06.21-16.14.54:524][982]LogTexture: Display: Building textures: Texture2D_2 (BGRA8, 512X512)
[2020.06.21-16.14.54:527][982]LogTexture: Display: Building textures: Texture2D_3 (BGRA8, 512X512)
[2020.06.21-16.14.54:531][982]LogTexture: Display: Building textures: Texture2D_4 (BGRA8, 512X512)
[2020.06.21-16.14.54:534][982]LogTexture: Display: Building textures: Texture2D_5 (BGRA8, 512X512)
[2020.06.21-16.14.54:537][982]LogTexture: Display: Building textures: Texture2D_6 (BGRA8, 512X512)
[2020.06.21-16.14.54:540][982]LogTexture: Display: Building textures: Texture2D_7 (BGRA8, 512X512)
[2020.06.21-16.14.54:544][982]LogTexture: Display: Building textures: Texture2D_8 (BGRA8, 512X512)
[2020.06.21-16.14.54:547][982]LogTexture: Display: Building textures: Texture2D_9 (BGRA8, 512X512)
[2020.06.21-16.14.54:551][982]LogTexture: Display: Building textures: Texture2D_10 (BGRA8, 512X512)
[2020.06.21-16.14.54:554][982]LogTexture: Display: Building textures: Texture2D_11 (BGRA8, 512X512)
[2020.06.21-16.14.54:558][982]LogTexture: Display: Building textures: Texture2D_12 (BGRA8, 512X512)
[2020.06.21-16.14.54:562][982]LogTexture: Display: Building textures: Texture2D_13 (BGRA8, 512X512)
[2020.06.21-16.14.54:565][982]LogTexture: Display: Building textures: Texture2D_14 (BGRA8, 512X512)
[2020.06.21-16.14.54:569][982]LogTexture: Display: Building textures: Texture2D_15 (BGRA8, 512X512)
[2020.06.21-16.14.55:245][982]LogSavePackage: Moving '../../../../../SourceTree/04_BattleTanks/BattleTank/Saved/BattleGround45077C2E4A08D16A88FF0096E6EB21A7.tmp' to '../../../../../SourceTree/04_BattleTanks/BattleTank/Content/BattleGround.umap'
[2020.06.21-16.14.55:714][982]Cmd: OBJ SAVEPACKAGE PACKAGE="/Game/BattleGround_BuiltData" FILE="../../../../../SourceTree/04_BattleTanks/BattleTank/Content/BattleGround_BuiltData.uasset" SILENT=true
[2020.06.21-16.14.55:760][982]LogSavePackage: Moving '../../../../../SourceTree/04_BattleTanks/BattleTank/Saved/BattleGround_BuiltData468B433C4A2E270DE969348619481466.tmp' to '../../../../../SourceTree/04_BattleTanks/BattleTank/Content/BattleGround_BuiltData.uasset'
[2020.06.21-16.14.55:769][982]LogFileHelpers: Saving map 'BattleGround' took 2.512
[2020.06.21-16.14.56:478][982]LogSlate: Took 0.000143 seconds to synchronously load lazily loaded font '../../../Engine/Content/Slate/Fonts/Roboto-Light.ttf' (167K)
[2020.06.21-16.15.00:336][319]LogSlate: FSceneViewport::OnFocusLost() reason 2
[2020.06.21-16.15.18:377][192]LogSlate: FSceneViewport::OnFocusLost() reason 0
[2020.06.21-16.15.33:880][782]MapCheck: New page: Map Check
[2020.06.21-16.15.33:949][782]LightingResults: New page: Lighting Build - 21 Jun 2020 18:15:33
[2020.06.21-16.15.34:438][782]LogSwarmInterface: [OpenConnection] Registering TCP channel ...
[2020.06.21-16.15.34:629][782]LogSwarmInterface: [OpenConnection] Connecting to agent ...
[2020.06.21-16.15.34:762][782]LogSwarmInterface: [TryOpenConnection] Testing the Agent
[2020.06.21-16.15.36:855][782]LogSwarmInterface: [TryOpenConnection] Opening Connection to Agent
[2020.06.21-16.15.36:855][782]LogSwarmInterface: [TryOpenConnection] Local Process ID is 23736
[2020.06.21-16.15.49:775][782]LogStaticLightingSystem: Running Lightmass w/ ImmediateImport mode ENABLED
[2020.06.21-16.15.49:775][782]LogStaticLightingSystem: Running Lightmass w/ ImmediateProcess mode ENABLED
[2020.06.21-16.15.49:775][782]LogStaticLightingSystem: Running Lightmass w/ Sorting mode ENABLED
[2020.06.21-16.15.49:775][782]LogStaticLightingSystem: Running Lightmass w/ Mapping paddings ENABLED
[2020.06.21-16.15.49:775][782]LogStaticLightingSystem: Running Lightmass w/ Mapping debug paddings DISABLED
[2020.06.21-16.15.50:788][782]LogEditorBuildUtils: Build time 0:16
[2020.06.21-16.15.58:460][923]LogUObjectHash: Compacting FUObjectHashTables data took   1.86ms
[2020.06.21-16.18.23:556][533]Job is a success!
[2020.06.21-16.18.24:107][534]LogVolumetricLightmapImport: Imported Volumetric Lightmap in 0.057s
[2020.06.21-16.18.24:108][534]LogVolumetricLightmapImport:      Indirection Texture 16x16x16 = 0.0Mb
[2020.06.21-16.18.24:108][534]LogVolumetricLightmapImport:      BrickData 15x5x5 = 0.0Mb
[2020.06.21-16.18.24:108][534]LogVolumetricLightmapImport:      Bricks at Level
[2020.06.21-16.18.24:108][534]LogVolumetricLightmapImport:          0: 33.3% covering 100.0% of volume
[2020.06.21-16.18.24:108][534]LogVolumetricLightmapImport:          1: 33.3% covering 1.6% of volume
[2020.06.21-16.18.24:108][534]LogVolumetricLightmapImport:          2: 33.3% covering 0.0% of volume
[2020.06.21-16.18.29:887][534]LogTexture: Display: Building textures: HQ_Lightmap0_1 (AutoDXT, 512X512)
[2020.06.21-16.18.29:887][534]LogTexture: Display: Building textures: LQ_Lightmap_0_1 (DXT1, 512X512)
[2020.06.21-16.18.29:887][534]LogTexture: Display: Building textures: HQ_Lightmap0_2 (AutoDXT, 512X512)
[2020.06.21-16.18.29:887][534]LogTexture: Display: Building textures: LQ_Lightmap_0_2 (DXT1, 512X512)
[2020.06.21-16.18.29:887][534]LogTexture: Display: Building textures: HQ_Lightmap0_3 (AutoDXT, 512X512)
[2020.06.21-16.18.29:887][534]LogTexture: Display: Building textures: LQ_Lightmap_0_3 (DXT1, 512X512)
[2020.06.21-16.18.29:887][534]LogTexture: Display: Building textures: HQ_Lightmap0_4 (AutoDXT, 512X512)
[2020.06.21-16.18.29:887][534]LogTexture: Display: Building textures: LQ_Lightmap_0_4 (DXT1, 512X512)
[2020.06.21-16.18.29:887][534]LogTexture: Display: Building textures: HQ_Lightmap0_5 (AutoDXT, 512X512)
[2020.06.21-16.18.29:887][534]LogTexture: Display: Building textures: LQ_Lightmap_0_5 (DXT1, 512X512)
[2020.06.21-16.18.29:887][534]LogTexture: Display: Building textures: HQ_Lightmap0_6 (AutoDXT, 512X512)
[2020.06.21-16.18.29:887][534]LogTexture: Display: Building textures: LQ_Lightmap_0_6 (DXT1, 512X512)
[2020.06.21-16.18.29:887][534]LogTexture: Display: Building textures: HQ_Lightmap0_7 (AutoDXT, 512X512)
[2020.06.21-16.18.29:887][534]LogTexture: Display: Building textures: LQ_Lightmap_0_7 (DXT1, 512X512)
[2020.06.21-16.18.29:887][534]LogTexture: Display: Building textures: HQ_Lightmap0_8 (AutoDXT, 512X512)
[2020.06.21-16.18.29:887][534]LogTexture: Display: Building textures: LQ_Lightmap_0_8 (DXT1, 512X512)
[2020.06.21-16.18.29:887][534]LogTexture: Display: Building textures: HQ_Lightmap0_9 (AutoDXT, 512X512)
[2020.06.21-16.18.29:887][534]LogTexture: Display: Building textures: LQ_Lightmap_0_9 (DXT1, 512X512)
[2020.06.21-16.18.29:887][534]LogTexture: Display: Building textures: HQ_Lightmap0_10 (AutoDXT, 512X512)
[2020.06.21-16.18.29:887][534]LogTexture: Display: Building textures: LQ_Lightmap_0_10 (DXT1, 512X512)
[2020.06.21-16.18.29:887][534]LogTexture: Display: Building textures: HQ_Lightmap0_11 (AutoDXT, 512X512)
[2020.06.21-16.18.29:887][534]LogTexture: Display: Building textures: LQ_Lightmap_0_11 (DXT1, 512X512)
[2020.06.21-16.18.29:887][534]LogTexture: Display: Building textures: HQ_Lightmap0_12 (AutoDXT, 512X512)
[2020.06.21-16.18.29:887][534]LogTexture: Display: Building textures: LQ_Lightmap_0_12 (DXT1, 512X512)
[2020.06.21-16.18.29:887][534]LogTexture: Display: Building textures: LQ_Lightmap_0_13 (DXT1, 512X512)
[2020.06.21-16.18.29:887][534]LogTexture: Display: Building textures: HQ_Lightmap0_13 (AutoDXT, 512X512)
[2020.06.21-16.18.29:887][534]LogTexture: Display: Building textures: HQ_Lightmap0_14 (AutoDXT, 512X512)
[2020.06.21-16.18.29:887][534]LogTexture: Display: Building textures: LQ_Lightmap_0_14 (DXT1, 512X512)
[2020.06.21-16.18.29:887][534]LogTexture: Display: Building textures: HQ_Lightmap0_15 (AutoDXT, 512X512)
[2020.06.21-16.18.29:887][534]LogTexture: Display: Building textures: LQ_Lightmap_0_15 (DXT1, 512X512)
[2020.06.21-16.18.29:887][534]LogTexture: Display: Building textures: HQ_Lightmap0_16 (AutoDXT, 512X512)
[2020.06.21-16.18.29:887][534]LogTexture: Display: Building textures: LQ_Lightmap_0_16 (DXT1, 512X512)
[2020.06.21-16.18.29:887][534]LogTexture: Display: Building textures: HQ_Lightmap0_17 (AutoDXT, 512X512)
[2020.06.21-16.18.29:887][534]LogTexture: Display: Building textures: LQ_Lightmap_0_17 (DXT1, 512X512)
[2020.06.21-16.18.29:887][534]LogTexture: Display: Building textures: HQ_Lightmap0_18 (AutoDXT, 512X512)
[2020.06.21-16.18.29:887][534]LogTexture: Display: Building textures: LQ_Lightmap_0_18 (DXT1, 512X512)
[2020.06.21-16.18.29:887][534]LogTexture: Display: Building textures: HQ_Lightmap0_19 (AutoDXT, 512X512)
[2020.06.21-16.18.29:887][534]LogTexture: Display: Building textures: LQ_Lightmap_0_19 (DXT1, 512X512)
[2020.06.21-16.18.29:887][534]LogTexture: Display: Building textures: HQ_Lightmap0_20 (AutoDXT, 512X512)
[2020.06.21-16.18.29:887][534]LogTexture: Display: Building textures: LQ_Lightmap_0_20 (DXT1, 512X512)
[2020.06.21-16.18.29:887][534]LogTexture: Display: Building textures: HQ_Lightmap0_21 (AutoDXT, 512X512)
[2020.06.21-16.18.29:888][534]LogTexture: Display: Building textures: LQ_Lightmap_0_21 (DXT1, 512X512)
[2020.06.21-16.18.29:888][534]LogTexture: Display: Building textures: HQ_Lightmap0_22 (AutoDXT, 512X512)
[2020.06.21-16.18.29:888][534]LogTexture: Display: Building textures: LQ_Lightmap_0_22 (DXT1, 512X512)
[2020.06.21-16.18.29:888][534]LogTexture: Display: Building textures: HQ_Lightmap0_23 (AutoDXT, 512X512)
[2020.06.21-16.18.29:888][534]LogTexture: Display: Building textures: LQ_Lightmap_0_23 (DXT1, 512X512)
[2020.06.21-16.18.29:888][534]LogTexture: Display: Building textures: HQ_Lightmap0_24 (AutoDXT, 512X512)
[2020.06.21-16.18.29:888][534]LogTexture: Display: Building textures: LQ_Lightmap_0_24 (DXT1, 512X512)
[2020.06.21-16.18.29:888][534]LogTexture: Display: Building textures: HQ_Lightmap0_25 (AutoDXT, 512X512)
[2020.06.21-16.18.29:888][534]LogTexture: Display: Building textures: LQ_Lightmap_0_25 (DXT1, 512X512)
[2020.06.21-16.18.29:888][534]LogTexture: Display: Building textures: HQ_Lightmap0_26 (AutoDXT, 512X512)
[2020.06.21-16.18.29:888][534]LogTexture: Display: Building textures: LQ_Lightmap_0_26 (DXT1, 512X512)
[2020.06.21-16.18.29:888][534]LogTexture: Display: Building textures: HQ_Lightmap0_27 (AutoDXT, 512X512)
[2020.06.21-16.18.29:888][534]LogTexture: Display: Building textures: LQ_Lightmap_0_27 (DXT1, 512X512)
[2020.06.21-16.18.29:888][534]LogTexture: Display: Building textures: HQ_Lightmap0_28 (AutoDXT, 512X512)
[2020.06.21-16.18.29:888][534]LogTexture: Display: Building textures: LQ_Lightmap_0_28 (DXT1, 512X512)
[2020.06.21-16.18.29:888][534]LogTexture: Display: Building textures: HQ_Lightmap0_29 (AutoDXT, 512X512)
[2020.06.21-16.18.29:888][534]LogTexture: Display: Building textures: LQ_Lightmap_0_29 (DXT1, 512X512)
[2020.06.21-16.18.29:888][534]LogTexture: Display: Building textures: HQ_Lightmap0_30 (AutoDXT, 512X512)
[2020.06.21-16.18.29:888][534]LogTexture: Display: Building textures: LQ_Lightmap_0_30 (DXT1, 512X512)
[2020.06.21-16.18.29:888][534]LogTexture: Display: Building textures: HQ_Lightmap0_31 (AutoDXT, 512X512)
[2020.06.21-16.18.29:888][534]LogTexture: Display: Building textures: LQ_Lightmap_0_31 (DXT1, 512X512)
[2020.06.21-16.18.29:888][534]LogTexture: Display: Building textures: HQ_Lightmap0_32 (AutoDXT, 512X512)
[2020.06.21-16.18.29:888][534]LogTexture: Display: Building textures: LQ_Lightmap_0_32 (DXT1, 512X512)
[2020.06.21-16.18.29:888][534]LogTexture: Display: Building textures: HQ_Lightmap0_33 (AutoDXT, 512X512)
[2020.06.21-16.18.29:888][534]LogTexture: Display: Building textures: LQ_Lightmap_0_33 (DXT1, 512X512)
[2020.06.21-16.18.29:888][534]LogTexture: Display: Building textures: HQ_Lightmap0_34 (AutoDXT, 512X512)
[2020.06.21-16.18.29:888][534]LogTexture: Display: Building textures: LQ_Lightmap_0_34 (DXT1, 512X512)
[2020.06.21-16.18.29:888][534]LogTexture: Display: Building textures: HQ_Lightmap0_35 (AutoDXT, 512X512)
[2020.06.21-16.18.29:888][534]LogTexture: Display: Building textures: LQ_Lightmap_0_35 (DXT1, 512X512)
[2020.06.21-16.18.29:888][534]LogTexture: Display: Building textures: HQ_Lightmap0_36 (AutoDXT, 512X512)
[2020.06.21-16.18.29:888][534]LogTexture: Display: Building textures: LQ_Lightmap_0_36 (DXT1, 512X512)
[2020.06.21-16.18.29:888][534]LogTexture: Display: Building textures: HQ_Lightmap0_37 (AutoDXT, 512X512)
[2020.06.21-16.18.29:888][534]LogTexture: Display: Building textures: LQ_Lightmap_0_37 (DXT1, 512X512)
[2020.06.21-16.18.29:888][534]LogTexture: Display: Building textures: HQ_Lightmap0_38 (AutoDXT, 512X512)
[2020.06.21-16.18.29:888][534]LogTexture: Display: Building textures: LQ_Lightmap_0_38 (DXT1, 512X512)
[2020.06.21-16.18.29:888][534]LogTexture: Display: Building textures: HQ_Lightmap0_39 (AutoDXT, 512X512)
[2020.06.21-16.18.29:888][534]LogTexture: Display: Building textures: LQ_Lightmap_0_39 (DXT1, 512X512)
[2020.06.21-16.18.29:888][534]LogTexture: Display: Building textures: LQ_Lightmap_0_40 (DXT1, 512X512)
[2020.06.21-16.18.29:888][534]LogTexture: Display: Building textures: HQ_Lightmap0_40 (AutoDXT, 512X512)
[2020.06.21-16.18.29:888][534]LogTexture: Display: Building textures: HQ_Lightmap0_41 (AutoDXT, 512X512)
[2020.06.21-16.18.29:888][534]LogTexture: Display: Building textures: LQ_Lightmap_0_41 (DXT1, 512X512)
[2020.06.21-16.18.29:888][534]LogTexture: Display: Building textures: HQ_Lightmap0_42 (AutoDXT, 512X512)
[2020.06.21-16.18.29:888][534]LogTexture: Display: Building textures: LQ_Lightmap_0_42 (DXT1, 512X512)
[2020.06.21-16.18.29:888][534]LogTexture: Display: Building textures: HQ_Lightmap0_43 (AutoDXT, 512X512)
[2020.06.21-16.18.29:888][534]LogTexture: Display: Building textures: LQ_Lightmap_0_43 (DXT1, 512X512)
[2020.06.21-16.18.29:888][534]LogTexture: Display: Building textures: HQ_Lightmap0_44 (AutoDXT, 512X512)
[2020.06.21-16.18.29:888][534]LogTexture: Display: Building textures: LQ_Lightmap_0_44 (DXT1, 512X512)
[2020.06.21-16.18.29:888][534]LogTexture: Display: Building textures: HQ_Lightmap0_45 (AutoDXT, 512X512)
[2020.06.21-16.18.29:888][534]LogTexture: Display: Building textures: LQ_Lightmap_0_45 (DXT1, 512X512)
[2020.06.21-16.18.29:888][534]LogTexture: Display: Building textures: HQ_Lightmap0_46 (AutoDXT, 512X512)
[2020.06.21-16.18.29:888][534]LogTexture: Display: Building textures: LQ_Lightmap_0_46 (DXT1, 512X512)
[2020.06.21-16.18.29:888][534]LogTexture: Display: Building textures: HQ_Lightmap0_47 (AutoDXT, 512X512)
[2020.06.21-16.18.29:888][534]LogTexture: Display: Building textures: LQ_Lightmap_0_47 (DXT1, 512X512)
[2020.06.21-16.18.29:888][534]LogTexture: Display: Building textures: HQ_Lightmap0_48 (AutoDXT, 512X512)
[2020.06.21-16.18.29:888][534]LogTexture: Display: Building textures: LQ_Lightmap_0_48 (DXT1, 512X512)
[2020.06.21-16.18.29:888][534]LogTexture: Display: Building textures: HQ_Lightmap0_49 (AutoDXT, 512X512)
[2020.06.21-16.18.29:888][534]LogTexture: Display: Building textures: LQ_Lightmap_0_49 (DXT1, 512X512)
[2020.06.21-16.18.29:888][534]LogTexture: Display: Building textures: HQ_Lightmap0_50 (AutoDXT, 512X512)
[2020.06.21-16.18.29:888][534]LogTexture: Display: Building textures: LQ_Lightmap_0_50 (DXT1, 512X512)
[2020.06.21-16.18.29:888][534]LogTexture: Display: Building textures: HQ_Lightmap0_51 (AutoDXT, 512X512)
[2020.06.21-16.18.29:888][534]LogTexture: Display: Building textures: HQ_Lightmap0_52 (AutoDXT, 512X512)
[2020.06.21-16.18.29:888][534]LogTexture: Display: Building textures: LQ_Lightmap_0_52 (DXT1, 512X512)
[2020.06.21-16.18.29:888][534]LogTexture: Display: Building textures: HQ_Lightmap0_53 (AutoDXT, 512X512)
[2020.06.21-16.18.29:888][534]LogTexture: Display: Building textures: LQ_Lightmap_0_51 (DXT1, 512X512)
[2020.06.21-16.18.29:888][534]LogTexture: Display: Building textures: LQ_Lightmap_0_53 (DXT1, 512X512)
[2020.06.21-16.18.29:888][534]LogTexture: Display: Building textures: HQ_Lightmap0_54 (AutoDXT, 512X512)
[2020.06.21-16.18.29:888][534]LogTexture: Display: Building textures: LQ_Lightmap_0_54 (DXT1, 512X512)
[2020.06.21-16.18.29:888][534]LogTexture: Display: Building textures: HQ_Lightmap0_55 (AutoDXT, 512X512)
[2020.06.21-16.18.29:888][534]LogTexture: Display: Building textures: LQ_Lightmap_0_55 (DXT1, 512X512)
[2020.06.21-16.18.29:888][534]LogTexture: Display: Building textures: HQ_Lightmap0_56 (AutoDXT, 512X512)
[2020.06.21-16.18.29:888][534]LogTexture: Display: Building textures: LQ_Lightmap_0_56 (DXT1, 512X512)
[2020.06.21-16.18.29:889][534]LogTexture: Display: Building textures: HQ_Lightmap0_57 (AutoDXT, 512X512)
[2020.06.21-16.18.29:889][534]LogTexture: Display: Building textures: LQ_Lightmap_0_57 (DXT1, 512X512)
[2020.06.21-16.18.29:889][534]LogTexture: Display: Building textures: HQ_Lightmap0_58 (AutoDXT, 512X512)
[2020.06.21-16.18.29:889][534]LogTexture: Display: Building textures: LQ_Lightmap_0_58 (DXT1, 512X512)
[2020.06.21-16.18.29:889][534]LogTexture: Display: Building textures: HQ_Lightmap0_59 (AutoDXT, 512X512)
[2020.06.21-16.18.29:889][534]LogTexture: Display: Building textures: LQ_Lightmap_0_59 (DXT1, 512X512)
[2020.06.21-16.18.29:889][534]LogTexture: Display: Building textures: HQ_Lightmap0_60 (AutoDXT, 512X512)
[2020.06.21-16.18.29:889][534]LogTexture: Display: Building textures: LQ_Lightmap_0_60 (DXT1, 512X512)
[2020.06.21-16.18.29:889][534]LogTexture: Display: Building textures: HQ_Lightmap0_61 (AutoDXT, 512X512)
[2020.06.21-16.18.29:889][534]LogTexture: Display: Building textures: LQ_Lightmap_0_61 (DXT1, 512X512)
[2020.06.21-16.18.29:889][534]LogTexture: Display: Building textures: HQ_Lightmap0_62 (AutoDXT, 512X512)
[2020.06.21-16.18.29:889][534]LogTexture: Display: Building textures: LQ_Lightmap_0_62 (DXT1, 512X512)
[2020.06.21-16.18.29:889][534]LogTexture: Display: Building textures: HQ_Lightmap0_63 (AutoDXT, 512X512)
[2020.06.21-16.18.29:889][534]LogTexture: Display: Building textures: LQ_Lightmap_0_63 (DXT1, 512X512)
[2020.06.21-16.18.29:889][534]LogTexture: Display: Building textures: HQ_Lightmap0_64 (AutoDXT, 512X512)
[2020.06.21-16.18.29:889][534]LogTexture: Display: Building textures: LQ_Lightmap_0_64 (DXT1, 512X512)
[2020.06.21-16.18.29:889][534]LogTexture: Display: Building textures: HQ_Lightmap0_65 (AutoDXT, 64X64)
[2020.06.21-16.18.29:889][534]LogTexture: Display: Building textures: LQ_Lightmap_0_65 (DXT1, 64X64)
[2020.06.21-16.18.31:161][534]LogTexture: Display: Building textures: ShadowMapTexture2D_5 (G8, 256X256)
[2020.06.21-16.18.31:161][534]LogTexture: Display: Building textures: ShadowMapTexture2D_4 (G8, 256X256)
[2020.06.21-16.18.31:161][534]LogTexture: Display: Building textures: ShadowMapTexture2D_1 (G8, 256X256)
[2020.06.21-16.18.31:161][534]LogTexture: Display: Building textures: ShadowMapTexture2D_0 (G8, 256X256)
[2020.06.21-16.18.31:161][534]LogTexture: Display: Building textures: ShadowMapTexture2D_9 (G8, 256X256)
[2020.06.21-16.18.31:161][534]LogTexture: Display: Building textures: ShadowMapTexture2D_10 (G8, 256X256)
[2020.06.21-16.18.31:161][534]LogTexture: Display: Building textures: ShadowMapTexture2D_11 (G8, 256X256)
[2020.06.21-16.18.31:161][534]LogTexture: Display: Building textures: ShadowMapTexture2D_7 (G8, 256X256)
[2020.06.21-16.18.31:161][534]LogTexture: Display: Building textures: ShadowMapTexture2D_8 (G8, 256X256)
[2020.06.21-16.18.31:161][534]LogTexture: Display: Building textures: ShadowMapTexture2D_12 (G8, 256X256)
[2020.06.21-16.18.31:161][534]LogTexture: Display: Building textures: ShadowMapTexture2D_13 (G8, 256X256)
[2020.06.21-16.18.31:161][534]LogTexture: Display: Building textures: ShadowMapTexture2D_14 (G8, 256X256)
[2020.06.21-16.18.31:161][534]LogTexture: Display: Building textures: ShadowMapTexture2D_15 (G8, 256X256)
[2020.06.21-16.18.31:161][534]LogTexture: Display: Building textures: ShadowMapTexture2D_16 (G8, 256X256)
[2020.06.21-16.18.31:161][534]LogTexture: Display: Building textures: ShadowMapTexture2D_17 (G8, 256X256)
[2020.06.21-16.18.31:161][534]LogTexture: Display: Building textures: ShadowMapTexture2D_18 (G8, 256X256)
[2020.06.21-16.18.31:161][534]LogTexture: Display: Building textures: ShadowMapTexture2D_19 (G8, 256X256)
[2020.06.21-16.18.31:161][534]LogTexture: Display: Building textures: ShadowMapTexture2D_20 (G8, 256X256)
[2020.06.21-16.18.31:161][534]LogTexture: Display: Building textures: ShadowMapTexture2D_21 (G8, 256X256)
[2020.06.21-16.18.31:161][534]LogTexture: Display: Building textures: ShadowMapTexture2D_22 (G8, 256X256)
[2020.06.21-16.18.31:162][534]LogTexture: Display: Building textures: ShadowMapTexture2D_23 (G8, 256X256)
[2020.06.21-16.18.31:162][534]LogTexture: Display: Building textures: ShadowMapTexture2D_24 (G8, 256X256)
[2020.06.21-16.18.31:162][534]LogTexture: Display: Building textures: ShadowMapTexture2D_25 (G8, 256X256)
[2020.06.21-16.18.31:162][534]LogTexture: Display: Building textures: ShadowMapTexture2D_26 (G8, 256X256)
[2020.06.21-16.18.31:162][534]LogTexture: Display: Building textures: ShadowMapTexture2D_27 (G8, 256X256)
[2020.06.21-16.18.31:162][534]LogTexture: Display: Building textures: ShadowMapTexture2D_28 (G8, 256X256)
[2020.06.21-16.18.31:162][534]LogTexture: Display: Building textures: ShadowMapTexture2D_29 (G8, 256X256)
[2020.06.21-16.18.31:162][534]LogTexture: Display: Building textures: ShadowMapTexture2D_30 (G8, 256X256)
[2020.06.21-16.18.31:162][534]LogTexture: Display: Building textures: ShadowMapTexture2D_31 (G8, 256X256)
[2020.06.21-16.18.31:162][534]LogTexture: Display: Building textures: ShadowMapTexture2D_33 (G8, 256X256)
[2020.06.21-16.18.31:162][534]LogTexture: Display: Building textures: ShadowMapTexture2D_34 (G8, 256X256)
[2020.06.21-16.18.31:162][534]LogTexture: Display: Building textures: ShadowMapTexture2D_36 (G8, 256X256)
[2020.06.21-16.18.31:162][534]LogTexture: Display: Building textures: ShadowMapTexture2D_35 (G8, 256X256)
[2020.06.21-16.18.31:162][534]LogTexture: Display: Building textures: ShadowMapTexture2D_37 (G8, 256X256)
[2020.06.21-16.18.31:162][534]LogTexture: Display: Building textures: ShadowMapTexture2D_39 (G8, 256X256)
[2020.06.21-16.18.31:162][534]LogTexture: Display: Building textures: ShadowMapTexture2D_40 (G8, 256X256)
[2020.06.21-16.18.31:162][534]LogTexture: Display: Building textures: ShadowMapTexture2D_41 (G8, 256X256)
[2020.06.21-16.18.31:162][534]LogTexture: Display: Building textures: ShadowMapTexture2D_38 (G8, 256X256)
[2020.06.21-16.18.31:162][534]LogTexture: Display: Building textures: ShadowMapTexture2D_42 (G8, 256X256)
[2020.06.21-16.18.31:162][534]LogTexture: Display: Building textures: ShadowMapTexture2D_44 (G8, 256X256)
[2020.06.21-16.18.31:162][534]LogTexture: Display: Building textures: ShadowMapTexture2D_45 (G8, 256X256)
[2020.06.21-16.18.31:162][534]LogTexture: Display: Building textures: ShadowMapTexture2D_43 (G8, 256X256)
[2020.06.21-16.18.31:162][534]LogTexture: Display: Building textures: ShadowMapTexture2D_47 (G8, 256X256)
[2020.06.21-16.18.31:162][534]LogTexture: Display: Building textures: ShadowMapTexture2D_48 (G8, 256X256)
[2020.06.21-16.18.31:162][534]LogTexture: Display: Building textures: ShadowMapTexture2D_49 (G8, 256X256)
[2020.06.21-16.18.31:162][534]LogTexture: Display: Building textures: ShadowMapTexture2D_50 (G8, 256X256)
[2020.06.21-16.18.31:162][534]LogTexture: Display: Building textures: ShadowMapTexture2D_51 (G8, 256X256)
[2020.06.21-16.18.31:162][534]LogTexture: Display: Building textures: ShadowMapTexture2D_6 (G8, 256X256)
[2020.06.21-16.18.31:162][534]LogTexture: Display: Building textures: ShadowMapTexture2D_52 (G8, 256X256)
[2020.06.21-16.18.31:162][534]LogTexture: Display: Building textures: ShadowMapTexture2D_54 (G8, 256X256)
[2020.06.21-16.18.31:162][534]LogTexture: Display: Building textures: ShadowMapTexture2D_55 (G8, 256X256)
[2020.06.21-16.18.31:162][534]LogTexture: Display: Building textures: ShadowMapTexture2D_56 (G8, 256X256)
[2020.06.21-16.18.31:162][534]LogTexture: Display: Building textures: ShadowMapTexture2D_46 (G8, 256X256)
[2020.06.21-16.18.31:162][534]LogTexture: Display: Building textures: ShadowMapTexture2D_58 (G8, 256X256)
[2020.06.21-16.18.31:162][534]LogTexture: Display: Building textures: ShadowMapTexture2D_59 (G8, 256X256)
[2020.06.21-16.18.31:162][534]LogTexture: Display: Building textures: ShadowMapTexture2D_57 (G8, 256X256)
[2020.06.21-16.18.31:162][534]LogTexture: Display: Building textures: ShadowMapTexture2D_60 (G8, 256X256)
[2020.06.21-16.18.31:162][534]LogTexture: Display: Building textures: ShadowMapTexture2D_65 (G8, 32X32)
[2020.06.21-16.18.31:162][534]LogTexture: Display: Building textures: ShadowMapTexture2D_61 (G8, 256X256)
[2020.06.21-16.18.31:162][534]LogTexture: Display: Building textures: ShadowMapTexture2D_32 (G8, 256X256)
[2020.06.21-16.18.31:162][534]LogTexture: Display: Building textures: ShadowMapTexture2D_63 (G8, 256X256)
[2020.06.21-16.18.31:162][534]LogTexture: Display: Building textures: ShadowMapTexture2D_64 (G8, 256X256)
[2020.06.21-16.18.31:162][534]LogTexture: Display: Building textures: ShadowMapTexture2D_62 (G8, 256X256)
[2020.06.21-16.18.31:162][534]LogTexture: Display: Building textures: ShadowMapTexture2D_53 (G8, 256X256)
[2020.06.21-16.18.33:483][534]LogStaticLightingSystem: BattleGround_BuiltData storing lightmap data for 65 meshes in 65 LightmapResourceClusters (1.0 Meshes per cluster).
[2020.06.21-16.18.33:526][534]LogUObjectHash: Compacting FUObjectHashTables data took   1.46ms
[2020.06.21-16.18.33:576][534]LogStaticLightingSystem: Illumination: 2:59 min (5.21 sec encoding lightmaps, 1.26 sec encoding shadowmaps)
[2020.06.21-16.18.33:577][534]LogStaticLightingSystem: Lightmap texture memory:  32.0 MB (32.0 MB streaming, 0.0 MB non-streaming), 130 textures
[2020.06.21-16.18.33:577][534]LogStaticLightingSystem: Shadowmap texture memory: 5.3 MB (5.3 MB streaming, 0.0 MB non-streaming), 64 textures
[2020.06.21-16.18.35:910][534]DumpUnbuiltLightIteractions
[2020.06.21-16.18.35:910][534]Lights with unbuilt interactions: 0
[2020.06.21-16.18.35:910][534]
[2020.06.21-16.18.35:910][534]Primitives with unbuilt interactions: 0
[2020.06.21-16.18.36:137][535]Cmd: MAP CHECK NOTIFYRESULTS
[2020.06.21-16.18.36:138][535]MapCheck: New page: BattleGround - 21 Jun 2020 18:18:36
[2020.06.21-16.18.36:647][535]MapCheck: Map check complete: 0 Error(s), 0 Warning(s), took 509.453ms to complete.
[2020.06.21-16.18.37:931][595]LogUObjectHash: Compacting FUObjectHashTables data took   1.34ms
[2020.06.21-16.18.40:454][595]LogSlate: Window 'Save Content' being destroyed
[2020.06.21-16.18.40:480][595]Cmd: OBJ SAVEPACKAGE PACKAGE="/Game/BattleGround" FILE="../../../../../SourceTree/04_BattleTanks/BattleTank/Content/BattleGround.umap" SILENT=true AUTOSAVING=false KEEPDIRTY=false
[2020.06.21-16.18.40:504][595]LogUObjectHash: Compacting FUObjectHashTables data took   0.54ms
[2020.06.21-16.18.41:136][595]LogSavePackage: Moving '../../../../../SourceTree/04_BattleTanks/BattleTank/Saved/BattleGround63FD137942F2E974128A78B3F6513111.tmp' to '../../../../../SourceTree/04_BattleTanks/BattleTank/Content/BattleGround.umap'
[2020.06.21-16.18.41:149][595]LogFileHelpers: Saving map 'BattleGround' took 0.675
[2020.06.21-16.18.41:151][595]Cmd: OBJ SAVEPACKAGE PACKAGE="/Game/BattleGround_BuiltData" FILE="../../../../../SourceTree/04_BattleTanks/BattleTank/Content/BattleGround_BuiltData.uasset" SILENT=true
[2020.06.21-16.18.43:078][595]LogSavePackage: Moving '../../../../../SourceTree/04_BattleTanks/BattleTank/Saved/BattleGround_BuiltData71327B204D1C7D1B3CB9F58F2A32F94F.tmp' to '../../../../../SourceTree/04_BattleTanks/BattleTank/Content/BattleGround_BuiltData.uasset'
[2020.06.21-16.19.32:582][601]Cmd: STAT FPS
[2020.06.21-16.20.10:523][700]LogSlate: FSceneViewport::OnFocusLost() reason 0
[2020.06.21-16.20.24:139][862]Cmd: TRANSACTION UNDO
[2020.06.21-16.20.24:139][862]LogEditorTransaction: Undo Landscape Editing: Noise
[2020.06.21-16.20.27:003][188]LogSlate: FSceneViewport::OnFocusLost() reason 0
[2020.06.21-16.23.25:461][680]LogSlate: FSceneViewport::OnFocusLost() reason 0
[2020.06.21-16.23.25:544][690]LogTemp: Repeating last play command: Selected Viewport
[2020.06.21-16.23.25:665][690]LogBlueprintUserMessages: Early PlayInEditor Detection: Level '/Game/BattleGround.BattleGround:PersistentLevel' has LevelScriptBlueprint '/Game/BattleGround.BattleGround:PersistentLevel.BattleGround' with GeneratedClass '/Game/BattleGround.BattleGround_C' with ClassGeneratedBy '/Game/BattleGround.BattleGround:PersistentLevel.BattleGround'
[2020.06.21-16.23.25:712][690]LogPlayLevel: PlayLevel: No blueprints needed recompiling
[2020.06.21-16.23.25:721][690]PIE: New page: PIE session: BattleGround (21 Jun 2020 18:23:25)
[2020.06.21-16.23.25:833][690]LogOnline: OSS: Creating online subsystem instance for: NULL
[2020.06.21-16.23.25:886][690]LogPlayLevel: Creating play world package: /Game/UEDPIE_0_BattleGround
[2020.06.21-16.23.26:258][690]LogPlayLevel: PIE: StaticDuplicateObject took: (0.371832s)
[2020.06.21-16.23.26:280][690]LogAIModule: Creating AISystem for world BattleGround
[2020.06.21-16.23.26:288][690]LogPlayLevel: PIE: World Init took: (0.029699s)
[2020.06.21-16.23.26:300][690]LogPlayLevel: PIE: Created PIE world by copying editor world from /Game/BattleGround.BattleGround to /Game/UEDPIE_0_BattleGround.BattleGround (0.414419s)
[2020.06.21-16.23.26:326][690]LogUObjectHash: Compacting FUObjectHashTables data took   1.68ms
[2020.06.21-16.23.26:402][690]LogInit: XAudio2 using 'Speakers (Realtek(R) Audio)' : 6 channels at 48 kHz using 32 bits per sample (channel mask 0x3f)
[2020.06.21-16.23.26:442][690]LogInit: FAudioDevice initialized.
[2020.06.21-16.23.26:588][690]LogLoad: Game class is 'GameModeBase'
[2020.06.21-16.23.26:780][690]LogWorld: Bringing World /Game/UEDPIE_0_BattleGround.BattleGround up for play (max tick rate 0) at 2020.06.21-17.23.26
[2020.06.21-16.23.26:891][690]LogWorld: Bringing up level for play took: 0.119651
[2020.06.21-16.23.26:892][690]LogOnline: OSS: Creating online subsystem instance for: :Context_1
[2020.06.21-16.23.27:318][690]LogContentBrowser: Native class hierarchy updated for 'MovieSceneCapture' in 0.0015 seconds. Added 20 classes and 0 folders.
[2020.06.21-16.23.27:417][690]PIE: Play in editor start time for /Game/UEDPIE_0_BattleGround 0.916
[2020.06.21-16.23.27:417][690]LogBlueprintUserMessages: Late PlayInEditor Detection: Level '/Game/BattleGround.BattleGround:PersistentLevel' has LevelScriptBlueprint '/Game/BattleGround.BattleGround:PersistentLevel.BattleGround' with GeneratedClass '/Game/BattleGround.BattleGround_C' with ClassGeneratedBy '/Game/BattleGround.BattleGround:PersistentLevel.BattleGround'
[2020.06.21-16.23.31:146][103]LogBlueprintUserMessages: Early EndPlayMap Detection: Level '/Game/BattleGround.BattleGround:PersistentLevel' has LevelScriptBlueprint '/Game/BattleGround.BattleGround:PersistentLevel.BattleGround' with GeneratedClass '/Game/BattleGround.BattleGround_C' with ClassGeneratedBy '/Game/BattleGround.BattleGround:PersistentLevel.BattleGround'
[2020.06.21-16.23.31:148][103]LogSlate: Updating window title bar state: overlay mode, drag disabled, window buttons hidden, title bar hidden
[2020.06.21-16.23.31:148][103]LogWorld: BeginTearingDown for /Game/UEDPIE_0_BattleGround
[2020.06.21-16.23.31:159][103]LogWorld: UWorld::CleanupWorld for BattleGround, bSessionEnded=true, bCleanupResources=true
[2020.06.21-16.23.31:218][103]LogPlayLevel: Display: Shutting down PIE online subsystems
[2020.06.21-16.23.31:219][103]LogBlueprintUserMessages: Late EndPlayMap Detection: Level '/Game/BattleGround.BattleGround:PersistentLevel' has LevelScriptBlueprint '/Game/BattleGround.BattleGround:PersistentLevel.BattleGround' with GeneratedClass '/Game/BattleGround.BattleGround_C' with ClassGeneratedBy '/Game/BattleGround.BattleGround:PersistentLevel.BattleGround'
[2020.06.21-16.23.31:394][103]LogSlate: Updating window title bar state: overlay mode, drag disabled, window buttons hidden, title bar hidden
[2020.06.21-16.23.31:557][103]LogUObjectHash: Compacting FUObjectHashTables data took   2.05ms
[2020.06.21-16.23.31:570][104]LogPlayLevel: Display: Destroying online subsystem :Context_1
